<?xml version="1.0" encoding="utf-8"?>
<!DOCTYPE coverage SYSTEM "http://cobertura.sourceforge.net/xml/coverage-04.dtd">
<coverage line-rate="0.457831325301205" branch-rate="0.5" lines-covered="38" lines-valid="83" branches-covered="1" branches-valid="2" complexity="27" version="0" timestamp="1668876896">
  <sources>
    <source>C:\</source>
    <source>D:\GIT-EB\ORFEErc\</source>
  </sources>
  <packages>
    <package name="Orfne.Tests" line-rate="0" branch-rate="1" complexity="7">
      <classes>
        <class name="AutoGeneratedProgram" filename="C:\Users\ErikBaklund\.nuget\packages\microsoft.net.test.sdk\17.1.0\build\netcoreapp2.1\Microsoft.NET.Test.Sdk.Program.cs" line-rate="0" branch-rate="1" complexity="1">
          <methods>
            <method name="Main" signature="(...)" line-rate="0" branch-rate="1" complexity="1">
              <lines>
                <line number="4" hits="0" branch="false" />
              </lines>
            </method>
          </methods>
          <lines>
            <line number="4" hits="0" branch="false" />
          </lines>
        </class>
        <class name="Orfne.Tests.Given_an_Error_Constructor" filename="D:\GIT-EB\ORFEErc\ORFEE.Tests\ErrorTests.cs" line-rate="0" branch-rate="1" complexity="6">
          <methods>
            <method name="It_succeeds" signature="()" line-rate="0" branch-rate="1" complexity="1">
              <lines>
                <line number="20" hits="0" branch="false" />
                <line number="21" hits="0" branch="false" />
                <line number="22" hits="0" branch="false" />
                <line number="23" hits="0" branch="false" />
              </lines>
            </method>
            <method name="Reason_is_retrievable" signature="()" line-rate="0" branch-rate="1" complexity="1">
              <lines>
                <line number="27" hits="0" branch="false" />
                <line number="28" hits="0" branch="false" />
                <line number="29" hits="0" branch="false" />
                <line number="30" hits="0" branch="false" />
              </lines>
            </method>
            <method name="Message_is_retrievable" signature="()" line-rate="0" branch-rate="1" complexity="1">
              <lines>
                <line number="34" hits="0" branch="false" />
                <line number="35" hits="0" branch="false" />
                <line number="36" hits="0" branch="false" />
                <line number="37" hits="0" branch="false" />
              </lines>
            </method>
            <method name="Inner_exception_is_retrievable" signature="()" line-rate="0" branch-rate="1" complexity="1">
              <lines>
                <line number="41" hits="0" branch="false" />
                <line number="42" hits="0" branch="false" />
                <line number="43" hits="0" branch="false" />
                <line number="44" hits="0" branch="false" />
              </lines>
            </method>
            <method name=".ctor" signature="()" line-rate="0" branch-rate="1" complexity="1">
              <lines>
                <line number="15" hits="0" branch="false" />
                <line number="16" hits="0" branch="false" />
              </lines>
            </method>
            <method name=".cctor" signature="()" line-rate="0" branch-rate="1" complexity="1">
              <lines>
                <line number="10" hits="0" branch="false" />
                <line number="11" hits="0" branch="false" />
                <line number="12" hits="0" branch="false" />
                <line number="13" hits="0" branch="false" />
              </lines>
            </method>
          </methods>
          <lines>
            <line number="10" hits="0" branch="false" />
            <line number="11" hits="0" branch="false" />
            <line number="12" hits="0" branch="false" />
            <line number="13" hits="0" branch="false" />
            <line number="15" hits="0" branch="false" />
            <line number="16" hits="0" branch="false" />
            <line number="20" hits="0" branch="false" />
            <line number="21" hits="0" branch="false" />
            <line number="22" hits="0" branch="false" />
            <line number="23" hits="0" branch="false" />
            <line number="27" hits="0" branch="false" />
            <line number="28" hits="0" branch="false" />
            <line number="29" hits="0" branch="false" />
            <line number="30" hits="0" branch="false" />
            <line number="34" hits="0" branch="false" />
            <line number="35" hits="0" branch="false" />
            <line number="36" hits="0" branch="false" />
            <line number="37" hits="0" branch="false" />
            <line number="41" hits="0" branch="false" />
            <line number="42" hits="0" branch="false" />
            <line number="43" hits="0" branch="false" />
            <line number="44" hits="0" branch="false" />
          </lines>
        </class>
      </classes>
    </package>
    <package name="Outcome" line-rate="0.633333333333333" branch-rate="0.5" complexity="20">
      <classes>
        <class name="Outcome.Error" filename="D:\GIT-EB\ORFEErc\ORFEE\Error.cs" line-rate="1" branch-rate="1" complexity="2">
          <methods>
            <method name=".ctor" signature="(...)" line-rate="1" branch-rate="1" complexity="1">
              <lines>
                <line number="24" hits="4" branch="false" />
                <line number="25" hits="4" branch="false" />
                <line number="26" hits="4" branch="false" />
              </lines>
            </method>
            <method name=".ctor" signature="(...)" line-rate="1" branch-rate="1" complexity="1">
              <lines>
                <line number="28" hits="4" branch="false" />
                <line number="29" hits="4" branch="false" />
                <line number="30" hits="4" branch="false" />
              </lines>
            </method>
          </methods>
          <lines>
            <line number="24" hits="4" branch="false" />
            <line number="25" hits="4" branch="false" />
            <line number="26" hits="4" branch="false" />
            <line number="28" hits="4" branch="false" />
            <line number="29" hits="4" branch="false" />
            <line number="30" hits="4" branch="false" />
          </lines>
        </class>
        <class name="Outcome.Nil" filename="D:\GIT-EB\ORFEErc\ORFEE\Nil.cs" line-rate="0" branch-rate="1" complexity="2">
          <methods>
            <method name=".ctor" signature="(...)" line-rate="0" branch-rate="1" complexity="1">
              <lines>
                <line number="24" hits="0" branch="false" />
                <line number="25" hits="0" branch="false" />
                <line number="26" hits="0" branch="false" />
              </lines>
            </method>
            <method name=".ctor" signature="(...)" line-rate="0" branch-rate="1" complexity="1">
              <lines>
                <line number="28" hits="0" branch="false" />
                <line number="29" hits="0" branch="false" />
                <line number="30" hits="0" branch="false" />
              </lines>
            </method>
          </methods>
          <lines>
            <line number="24" hits="0" branch="false" />
            <line number="25" hits="0" branch="false" />
            <line number="26" hits="0" branch="false" />
            <line number="28" hits="0" branch="false" />
            <line number="29" hits="0" branch="false" />
            <line number="30" hits="0" branch="false" />
          </lines>
        </class>
        <class name="Outcome.OutcomeErrorException" filename="D:\GIT-EB\ORFEErc\ORFEE\Error.cs" line-rate="1" branch-rate="1" complexity="2">
          <methods>
            <method name=".ctor" signature="(...)" line-rate="1" branch-rate="1" complexity="1">
              <lines>
                <line number="12" hits="4" branch="false" />
                <line number="13" hits="4" branch="false" />
                <line number="14" hits="4" branch="false" />
              </lines>
            </method>
            <method name=".ctor" signature="(...)" line-rate="1" branch-rate="1" complexity="1">
              <lines>
                <line number="17" hits="4" branch="false" />
                <line number="18" hits="4" branch="false" />
                <line number="19" hits="4" branch="false" />
              </lines>
            </method>
          </methods>
          <lines>
            <line number="12" hits="4" branch="false" />
            <line number="13" hits="4" branch="false" />
            <line number="14" hits="4" branch="false" />
            <line number="17" hits="4" branch="false" />
            <line number="18" hits="4" branch="false" />
            <line number="19" hits="4" branch="false" />
          </lines>
        </class>
        <class name="Outcome.OutcomeFailureException" filename="D:\GIT-EB\ORFEErc\ORFEE\Undefined.cs" line-rate="1" branch-rate="1" complexity="2">
          <methods>
            <method name=".ctor" signature="(...)" line-rate="1" branch-rate="1" complexity="1">
              <lines>
                <line number="12" hits="4" branch="false" />
                <line number="13" hits="4" branch="false" />
                <line number="14" hits="4" branch="false" />
              </lines>
            </method>
            <method name=".ctor" signature="(...)" line-rate="1" branch-rate="1" complexity="1">
              <lines>
                <line number="17" hits="4" branch="false" />
                <line number="18" hits="4" branch="false" />
                <line number="19" hits="4" branch="false" />
              </lines>
            </method>
          </methods>
          <lines>
            <line number="12" hits="4" branch="false" />
            <line number="13" hits="4" branch="false" />
            <line number="14" hits="4" branch="false" />
            <line number="17" hits="4" branch="false" />
            <line number="18" hits="4" branch="false" />
            <line number="19" hits="4" branch="false" />
          </lines>
        </class>
        <class name="Outcome.OutcomeNilException" filename="D:\GIT-EB\ORFEErc\ORFEE\Nil.cs" line-rate="0" branch-rate="1" complexity="2">
          <methods>
            <method name=".ctor" signature="(...)" line-rate="0" branch-rate="1" complexity="1">
              <lines>
                <line number="12" hits="0" branch="false" />
                <line number="13" hits="0" branch="false" />
                <line number="14" hits="0" branch="false" />
              </lines>
            </method>
            <method name=".ctor" signature="(...)" line-rate="0" branch-rate="1" complexity="1">
              <lines>
                <line number="17" hits="0" branch="false" />
                <line number="18" hits="0" branch="false" />
                <line number="19" hits="0" branch="false" />
              </lines>
            </method>
          </methods>
          <lines>
            <line number="12" hits="0" branch="false" />
            <line number="13" hits="0" branch="false" />
            <line number="14" hits="0" branch="false" />
            <line number="17" hits="0" branch="false" />
            <line number="18" hits="0" branch="false" />
            <line number="19" hits="0" branch="false" />
          </lines>
        </class>
        <class name="Outcome.Result" filename="D:\GIT-EB\ORFEErc\ORFEE\Result.cs" line-rate="0.5" branch-rate="1" complexity="6">
          <methods>
            <method name="Defined" signature="()" line-rate="0" branch-rate="1" complexity="1">
              <lines>
                <line number="24" hits="0" branch="false" />
                <line number="25" hits="0" branch="false" />
                <line number="26" hits="0" branch="false" />
              </lines>
            </method>
            <method name="Nil" signature="(...)" line-rate="0" branch-rate="1" complexity="1">
              <lines>
                <line number="29" hits="0" branch="false" />
                <line number="30" hits="0" branch="false" />
                <line number="31" hits="0" branch="false" />
              </lines>
            </method>
            <method name="Nil" signature="(...)" line-rate="0" branch-rate="1" complexity="1">
              <lines>
                <line number="34" hits="0" branch="false" />
                <line number="35" hits="0" branch="false" />
                <line number="36" hits="0" branch="false" />
              </lines>
            </method>
            <method name="Error" signature="(...)" line-rate="1" branch-rate="1" complexity="1">
              <lines>
                <line number="39" hits="4" branch="false" />
                <line number="40" hits="4" branch="false" />
                <line number="41" hits="4" branch="false" />
              </lines>
            </method>
            <method name="Error" signature="(...)" line-rate="1" branch-rate="1" complexity="1">
              <lines>
                <line number="44" hits="4" branch="false" />
                <line number="45" hits="4" branch="false" />
                <line number="46" hits="4" branch="false" />
              </lines>
            </method>
            <method name=".ctor" signature="()" line-rate="1" branch-rate="1" complexity="1">
              <lines>
                <line number="19" hits="8" branch="false" />
                <line number="20" hits="8" branch="false" />
                <line number="21" hits="8" branch="false" />
              </lines>
            </method>
          </methods>
          <lines>
            <line number="19" hits="8" branch="false" />
            <line number="20" hits="8" branch="false" />
            <line number="21" hits="8" branch="false" />
            <line number="24" hits="0" branch="false" />
            <line number="25" hits="0" branch="false" />
            <line number="26" hits="0" branch="false" />
            <line number="29" hits="0" branch="false" />
            <line number="30" hits="0" branch="false" />
            <line number="31" hits="0" branch="false" />
            <line number="34" hits="0" branch="false" />
            <line number="35" hits="0" branch="false" />
            <line number="36" hits="0" branch="false" />
            <line number="39" hits="4" branch="false" />
            <line number="40" hits="4" branch="false" />
            <line number="41" hits="4" branch="false" />
            <line number="44" hits="4" branch="false" />
            <line number="45" hits="4" branch="false" />
            <line number="46" hits="4" branch="false" />
          </lines>
        </class>
        <class name="Outcome.ResultExctension" filename="D:\GIT-EB\ORFEErc\ORFEE\Error.cs" line-rate="0.857142857142857" branch-rate="0.5" complexity="2">
          <methods>
            <method name="ErrorOrThrow" signature="(...)" line-rate="0.857142857142857" branch-rate="0.5" complexity="2">
              <lines>
                <line number="36" hits="6" branch="false" />
                <line number="37" hits="6" branch="true" condition-coverage="50% (1/2)" />
                <line number="38" hits="6" branch="false" />
                <line number="39" hits="6" branch="false" />
                <line number="40" hits="0" branch="false" />
                <line number="41" hits="6" branch="false" />
                <line number="42" hits="6" branch="false" />
              </lines>
            </method>
          </methods>
          <lines>
            <line number="36" hits="6" branch="false" />
            <line number="37" hits="6" branch="true" condition-coverage="50% (1/2)" />
            <line number="38" hits="6" branch="false" />
            <line number="39" hits="6" branch="false" />
            <line number="40" hits="0" branch="false" />
            <line number="41" hits="6" branch="false" />
            <line number="42" hits="6" branch="false" />
          </lines>
        </class>
        <class name="Outcome.Undefined" filename="D:\GIT-EB\ORFEErc\ORFEE\Undefined.cs" line-rate="1" branch-rate="1" complexity="2">
          <methods>
            <method name="get_Reason" signature="()" line-rate="1" branch-rate="1" complexity="1">
              <lines>
                <line number="33" hits="6" branch="false" />
              </lines>
            </method>
            <method name=".ctor" signature="(...)" line-rate="1" branch-rate="1" complexity="1">
              <lines>
                <line number="26" hits="8" branch="false" />
                <line number="27" hits="8" branch="false" />
                <line number="28" hits="8" branch="false" />
                <line number="29" hits="8" branch="false" />
              </lines>
            </method>
          </methods>
          <lines>
            <line number="26" hits="8" branch="false" />
            <line number="27" hits="8" branch="false" />
            <line number="28" hits="8" branch="false" />
            <line number="29" hits="8" branch="false" />
            <line number="33" hits="6" branch="false" />
          </lines>
        </class>
      </classes>
    </package>
  </packages>
</coverage>