TpTrace Verbose: 0 : 30376, 1, 2022/11/19, 16:54:54.470, 584550341071, vstest.console.dll, Version: 17.3.0-preview-20220523-03 Current process architecture: X64
TpTrace Verbose: 0 : 30376, 1, 2022/11/19, 16:54:54.474, 584550376372, vstest.console.dll, ArtifactProcessingPostProcessModeProcessorExecutor.Initialize: ArtifactProcessingMode.Collect
TpTrace Verbose: 0 : 30376, 1, 2022/11/19, 16:54:54.474, 584550378130, vstest.console.dll, TestSessionCorrelationIdProcessorModeProcessorExecutor.Initialize: TestSessionCorrelationId '25664_10e45b81-bb91-406d-af6e-1ff0e127df08'
TpTrace Information: 0 : 30376, 1, 2022/11/19, 16:54:54.478, 584550420620, vstest.console.dll, FilePatternParser: The given file D:\GIT-EB\ORFEErc\ORFEE.Tests\bin\Debug\net6.0\fine-code-coverage\build-output\Outcome.Tests.dll is a full path.
TpTrace Verbose: 0 : 30376, 1, 2022/11/19, 16:54:54.484, 584550479837, vstest.console.dll, TestPluginCache.DiscoverTestExtensions: finding test extensions in assemblies ends with: RuntimeProvider.dll TPluginInfo: Microsoft.VisualStudio.TestPlatform.Common.ExtensionFramework.Utilities.TestRuntimePluginInformation TExtension: Microsoft.VisualStudio.TestPlatform.ObjectModel.Host.ITestRuntimeProvider
TpTrace Verbose: 0 : 30376, 1, 2022/11/19, 16:54:54.484, 584550481365, vstest.console.dll, TestPluginCache.GetExtensionPaths: Filtered extension paths: 
TpTrace Verbose: 0 : 30376, 1, 2022/11/19, 16:54:54.484, 584550481982, vstest.console.dll, TestPluginCache.GetExtensionPaths: Added default extension paths: C:\Program Files\dotnet\sdk\7.0.100-preview.5.22307.18\Extensions\Microsoft.Diagnostics.NETCore.Client.dll
C:\Program Files\dotnet\sdk\7.0.100-preview.5.22307.18\Extensions\Microsoft.TestPlatform.Extensions.BlameDataCollector.dll
C:\Program Files\dotnet\sdk\7.0.100-preview.5.22307.18\Extensions\Microsoft.TestPlatform.Extensions.EventLogCollector.dll
C:\Program Files\dotnet\sdk\7.0.100-preview.5.22307.18\Extensions\Microsoft.TestPlatform.TestHostRuntimeProvider.dll
C:\Program Files\dotnet\sdk\7.0.100-preview.5.22307.18\Extensions\Microsoft.VisualStudio.TestPlatform.Extensions.Html.TestLogger.dll
C:\Program Files\dotnet\sdk\7.0.100-preview.5.22307.18\Extensions\Microsoft.VisualStudio.TestPlatform.Extensions.Trx.TestLogger.dll
TpTrace Verbose: 0 : 30376, 1, 2022/11/19, 16:54:54.484, 584550482198, vstest.console.dll, TestPluginCache.GetExtensionPaths: Added unfilterableExtensionPaths: 
TpTrace Information: 0 : 30376, 1, 2022/11/19, 16:54:54.485, 584550488411, vstest.console.dll, AssemblyResolver.ctor: Creating AssemblyResolver with searchDirectories C:\Program Files\dotnet\sdk\7.0.100-preview.5.22307.18\Extensions,C:\Program Files\dotnet\sdk\7.0.100-preview.5.22307.18
TpTrace Verbose: 0 : 30376, 1, 2022/11/19, 16:54:54.486, 584550496968, vstest.console.dll, TestPluginCache.DiscoverTestExtensions: Discovering the extensions using extension path.
TpTrace Verbose: 0 : 30376, 1, 2022/11/19, 16:54:54.486, 584550498217, vstest.console.dll, TestPluginCache.GetExtensionPaths: Filtered extension paths: 
TpTrace Verbose: 0 : 30376, 1, 2022/11/19, 16:54:54.486, 584550498569, vstest.console.dll, TestPluginCache.GetExtensionPaths: Added default extension paths: C:\Program Files\dotnet\sdk\7.0.100-preview.5.22307.18\Extensions\Microsoft.Diagnostics.NETCore.Client.dll
C:\Program Files\dotnet\sdk\7.0.100-preview.5.22307.18\Extensions\Microsoft.TestPlatform.Extensions.BlameDataCollector.dll
C:\Program Files\dotnet\sdk\7.0.100-preview.5.22307.18\Extensions\Microsoft.TestPlatform.Extensions.EventLogCollector.dll
C:\Program Files\dotnet\sdk\7.0.100-preview.5.22307.18\Extensions\Microsoft.TestPlatform.TestHostRuntimeProvider.dll
C:\Program Files\dotnet\sdk\7.0.100-preview.5.22307.18\Extensions\Microsoft.VisualStudio.TestPlatform.Extensions.Html.TestLogger.dll
C:\Program Files\dotnet\sdk\7.0.100-preview.5.22307.18\Extensions\Microsoft.VisualStudio.TestPlatform.Extensions.Trx.TestLogger.dll
TpTrace Verbose: 0 : 30376, 1, 2022/11/19, 16:54:54.486, 584550498741, vstest.console.dll, TestPluginCache.GetExtensionPaths: Added unfilterableExtensionPaths: 
TpTrace Verbose: 0 : 30376, 1, 2022/11/19, 16:54:54.486, 584550499707, vstest.console.dll, TestPluginCache.DiscoverTestExtensions: Discovering the extensions using allExtensionPaths: C:\Program Files\dotnet\sdk\7.0.100-preview.5.22307.18\Extensions\Microsoft.Diagnostics.NETCore.Client.dll
C:\Program Files\dotnet\sdk\7.0.100-preview.5.22307.18\Extensions\Microsoft.TestPlatform.Extensions.BlameDataCollector.dll
C:\Program Files\dotnet\sdk\7.0.100-preview.5.22307.18\Extensions\Microsoft.TestPlatform.Extensions.EventLogCollector.dll
C:\Program Files\dotnet\sdk\7.0.100-preview.5.22307.18\Extensions\Microsoft.TestPlatform.TestHostRuntimeProvider.dll
C:\Program Files\dotnet\sdk\7.0.100-preview.5.22307.18\Extensions\Microsoft.VisualStudio.TestPlatform.Extensions.Html.TestLogger.dll
C:\Program Files\dotnet\sdk\7.0.100-preview.5.22307.18\Extensions\Microsoft.VisualStudio.TestPlatform.Extensions.Trx.TestLogger.dll
TpTrace Information: 0 : 30376, 1, 2022/11/19, 16:54:54.486, 584550501034, vstest.console.dll, AssemblyResolver.AddSearchDirectories: Adding more searchDirectories C:\Program Files\dotnet\sdk\7.0.100-preview.5.22307.18\Extensions,C:\Program Files\dotnet\sdk\7.0.100-preview.5.22307.18
TpTrace Information: 0 : 30376, 1, 2022/11/19, 16:54:54.486, 584550501405, vstest.console.dll, AssemblyResolver.AddSearchDirectories: Adding more searchDirectories C:\Program Files\dotnet\sdk\7.0.100-preview.5.22307.18\Extensions,C:\Program Files\dotnet\sdk\7.0.100-preview.5.22307.18
TpTrace Information: 0 : 30376, 1, 2022/11/19, 16:54:54.486, 584550501580, vstest.console.dll, AssemblyResolver.AddSearchDirectories: Adding more searchDirectories C:\Program Files\dotnet\sdk\7.0.100-preview.5.22307.18\Extensions,C:\Program Files\dotnet\sdk\7.0.100-preview.5.22307.18
TpTrace Information: 0 : 30376, 1, 2022/11/19, 16:54:54.486, 584550501767, vstest.console.dll, AssemblyResolver.AddSearchDirectories: Adding more searchDirectories C:\Program Files\dotnet\sdk\7.0.100-preview.5.22307.18\Extensions,C:\Program Files\dotnet\sdk\7.0.100-preview.5.22307.18
TpTrace Information: 0 : 30376, 1, 2022/11/19, 16:54:54.486, 584550502010, vstest.console.dll, AssemblyResolver.AddSearchDirectories: Adding more searchDirectories C:\Program Files\dotnet\sdk\7.0.100-preview.5.22307.18\Extensions,C:\Program Files\dotnet\sdk\7.0.100-preview.5.22307.18
TpTrace Information: 0 : 30376, 1, 2022/11/19, 16:54:54.486, 584550502163, vstest.console.dll, AssemblyResolver.AddSearchDirectories: Adding more searchDirectories C:\Program Files\dotnet\sdk\7.0.100-preview.5.22307.18\Extensions,C:\Program Files\dotnet\sdk\7.0.100-preview.5.22307.18
TpTrace Information: 0 : 30376, 1, 2022/11/19, 16:54:54.487, 584550504864, vstest.console.dll, AssemblyResolver.OnResolve: Microsoft.Diagnostics.NETCore.Client: Resolving assembly.
TpTrace Information: 0 : 30376, 1, 2022/11/19, 16:54:54.487, 584550505334, vstest.console.dll, AssemblyResolver.OnResolve: Microsoft.Diagnostics.NETCore.Client: Searching in: 'C:\Program Files\dotnet\sdk\7.0.100-preview.5.22307.18\Extensions'.
TpTrace Information: 0 : 30376, 1, 2022/11/19, 16:54:54.493, 584550567603, vstest.console.dll, AssemblyResolver.OnResolve: Microsoft.Diagnostics.NETCore.Client: Loading assembly 'C:\Program Files\dotnet\sdk\7.0.100-preview.5.22307.18\Extensions\Microsoft.Diagnostics.NETCore.Client.dll'.
TpTrace Information: 0 : 30376, 1, 2022/11/19, 16:54:54.493, 584550572087, vstest.console.dll, AssemblyResolver.OnResolve: Resolved assembly: Microsoft.Diagnostics.NETCore.Client, from path: C:\Program Files\dotnet\sdk\7.0.100-preview.5.22307.18\Extensions\Microsoft.Diagnostics.NETCore.Client.dll
TpTrace Verbose: 0 : 30376, 1, 2022/11/19, 16:54:54.496, 584550597969, vstest.console.dll, MetadataReaderExtensionsHelper: Discovering extensions inside assembly 'Microsoft.Diagnostics.NETCore.Client, Version=0.2.5.801, Culture=neutral, PublicKeyToken=31bf3856ad364e35' file path 'C:\Program Files\dotnet\sdk\7.0.100-preview.5.22307.18\Extensions\Microsoft.Diagnostics.NETCore.Client.dll'
TpTrace Information: 0 : 30376, 1, 2022/11/19, 16:54:54.499, 584550625978, vstest.console.dll, AssemblyResolver.OnResolve: Microsoft.Bcl.AsyncInterfaces: Resolving assembly.
TpTrace Information: 0 : 30376, 1, 2022/11/19, 16:54:54.499, 584550626808, vstest.console.dll, AssemblyResolver.OnResolve: Microsoft.Bcl.AsyncInterfaces: Searching in: 'C:\Program Files\dotnet\sdk\7.0.100-preview.5.22307.18\Extensions'.
TpTrace Information: 0 : 30376, 1, 2022/11/19, 16:54:54.499, 584550627416, vstest.console.dll, AssemblyResolver.OnResolve: Microsoft.Bcl.AsyncInterfaces: Assembly path does not exist: 'C:\Program Files\dotnet\sdk\7.0.100-preview.5.22307.18\Extensions\Microsoft.Bcl.AsyncInterfaces.dll', returning.
TpTrace Information: 0 : 30376, 1, 2022/11/19, 16:54:54.499, 584550627821, vstest.console.dll, AssemblyResolver.OnResolve: Microsoft.Bcl.AsyncInterfaces: Assembly path does not exist: 'C:\Program Files\dotnet\sdk\7.0.100-preview.5.22307.18\Extensions\Microsoft.Bcl.AsyncInterfaces.exe', returning.
TpTrace Information: 0 : 30376, 1, 2022/11/19, 16:54:54.499, 584550627987, vstest.console.dll, AssemblyResolver.OnResolve: Microsoft.Bcl.AsyncInterfaces: Searching in: 'C:\Program Files\dotnet\sdk\7.0.100-preview.5.22307.18'.
TpTrace Information: 0 : 30376, 1, 2022/11/19, 16:54:54.499, 584550628381, vstest.console.dll, AssemblyResolver.OnResolve: Microsoft.Bcl.AsyncInterfaces: Assembly path does not exist: 'C:\Program Files\dotnet\sdk\7.0.100-preview.5.22307.18\Microsoft.Bcl.AsyncInterfaces.dll', returning.
TpTrace Information: 0 : 30376, 1, 2022/11/19, 16:54:54.499, 584550628705, vstest.console.dll, AssemblyResolver.OnResolve: Microsoft.Bcl.AsyncInterfaces: Assembly path does not exist: 'C:\Program Files\dotnet\sdk\7.0.100-preview.5.22307.18\Microsoft.Bcl.AsyncInterfaces.exe', returning.
TpTrace Information: 0 : 30376, 1, 2022/11/19, 16:54:54.499, 584550628916, vstest.console.dll, AssemblyResolver.OnResolve: Microsoft.Bcl.AsyncInterfaces: Failed to load assembly.
TpTrace Verbose: 0 : 30376, 1, 2022/11/19, 16:54:54.499, 584550629110, vstest.console.dll, CurrentDomainAssemblyResolve: Resolving assembly 'Microsoft.Bcl.AsyncInterfaces'.
TpTrace Information: 0 : 30376, 1, 2022/11/19, 16:54:54.499, 584550629480, vstest.console.dll, AssemblyResolver.OnResolve: Microsoft.Bcl.AsyncInterfaces: Resolving assembly.
TpTrace Information: 0 : 30376, 1, 2022/11/19, 16:54:54.499, 584550629694, vstest.console.dll, AssemblyResolver.OnResolve: Microsoft.Bcl.AsyncInterfaces: Resolved from cache.
TpTrace Verbose: 0 : 30376, 1, 2022/11/19, 16:54:54.499, 584550629842, vstest.console.dll, CurrentDomainAssemblyResolve: Resolving assembly 'Microsoft.Bcl.AsyncInterfaces'.
TpTrace Verbose: 0 : 30376, 1, 2022/11/19, 16:54:54.499, 584550630071, vstest.console.dll, CurrentDomainAssemblyResolve: Failed to resolve assembly 'Microsoft.Bcl.AsyncInterfaces'.
TpTrace Verbose: 0 : 30376, 1, 2022/11/19, 16:54:54.500, 584550635813, vstest.console.dll, CurrentDomainAssemblyResolve: Failed to resolve assembly 'Microsoft.Bcl.AsyncInterfaces'.
TpTrace Warning: 0 : 30376, 1, 2022/11/19, 16:54:54.505, 584550687567, vstest.console.dll, TestPluginDiscoverer: Failed to get types from assembly 'Microsoft.Diagnostics.NETCore.Client, Version=0.2.5.801, Culture=neutral, PublicKeyToken=31bf3856ad364e35'. Error: System.Reflection.ReflectionTypeLoadException: Unable to load one or more of the requested types.
Could not load file or assembly 'Microsoft.Bcl.AsyncInterfaces, Version=1.0.0.0, Culture=neutral, PublicKeyToken=cc7b13ffcd2ddd51'. Systemet finner ikke angitt fil.
   at System.Reflection.RuntimeModule.GetTypes(RuntimeModule module)
   at System.Reflection.Assembly.GetTypes()
   at Microsoft.VisualStudio.TestPlatform.Common.ExtensionFramework.TestPluginDiscoverer.GetTestExtensionsFromAssembly[TPluginInfo,TExtension](Assembly assembly, Dictionary`2 pluginInfos, String filePath)
System.IO.FileNotFoundException: Could not load file or assembly 'Microsoft.Bcl.AsyncInterfaces, Version=1.0.0.0, Culture=neutral, PublicKeyToken=cc7b13ffcd2ddd51'. Systemet finner ikke angitt fil.
File name: 'Microsoft.Bcl.AsyncInterfaces, Version=1.0.0.0, Culture=neutral, PublicKeyToken=cc7b13ffcd2ddd51'
 ---> System.IO.FileNotFoundException: Could not load file or assembly 'Microsoft.Bcl.AsyncInterfaces, Culture=neutral, PublicKeyToken=null'. Systemet finner ikke angitt fil.
File name: 'Microsoft.Bcl.AsyncInterfaces, Culture=neutral, PublicKeyToken=null'
   at System.Reflection.RuntimeAssembly.InternalLoad(AssemblyName assemblyName, StackCrawlMark& stackMark, AssemblyLoadContext assemblyLoadContext, RuntimeAssembly requestingAssembly, Boolean throwOnFileNotFound)
   at System.Reflection.Assembly.Load(AssemblyName assemblyRef)
   at Microsoft.VisualStudio.TestPlatform.Common.ExtensionFramework.TestPluginCache.CurrentDomainAssemblyResolve(Object sender, AssemblyResolveEventArgs args)
   at System.Runtime.Loader.AssemblyLoadContext.GetFirstResolvedAssemblyFromResolvingEvent(AssemblyName assemblyName)
   at System.Runtime.Loader.AssemblyLoadContext.ResolveUsingEvent(AssemblyName assemblyName)
   at System.Runtime.Loader.AssemblyLoadContext.ResolveUsingResolvingEvent(IntPtr gchManagedAssemblyLoadContext, AssemblyName assemblyName)
TpTrace Warning: 0 : 30376, 1, 2022/11/19, 16:54:54.505, 584550690985, vstest.console.dll, LoaderExceptions: System.IO.FileNotFoundException: Could not load file or assembly 'Microsoft.Bcl.AsyncInterfaces, Version=1.0.0.0, Culture=neutral, PublicKeyToken=cc7b13ffcd2ddd51'. Systemet finner ikke angitt fil.
File name: 'Microsoft.Bcl.AsyncInterfaces, Version=1.0.0.0, Culture=neutral, PublicKeyToken=cc7b13ffcd2ddd51'
 ---> System.IO.FileNotFoundException: Could not load file or assembly 'Microsoft.Bcl.AsyncInterfaces, Culture=neutral, PublicKeyToken=null'. Systemet finner ikke angitt fil.
File name: 'Microsoft.Bcl.AsyncInterfaces, Culture=neutral, PublicKeyToken=null'
   at System.Reflection.RuntimeAssembly.InternalLoad(AssemblyName assemblyName, StackCrawlMark& stackMark, AssemblyLoadContext assemblyLoadContext, RuntimeAssembly requestingAssembly, Boolean throwOnFileNotFound)
   at System.Reflection.Assembly.Load(AssemblyName assemblyRef)
   at Microsoft.VisualStudio.TestPlatform.Common.ExtensionFramework.TestPluginCache.CurrentDomainAssemblyResolve(Object sender, AssemblyResolveEventArgs args)
   at System.Runtime.Loader.AssemblyLoadContext.GetFirstResolvedAssemblyFromResolvingEvent(AssemblyName assemblyName)
   at System.Runtime.Loader.AssemblyLoadContext.ResolveUsingEvent(AssemblyName assemblyName)
   at System.Runtime.Loader.AssemblyLoadContext.ResolveUsingResolvingEvent(IntPtr gchManagedAssemblyLoadContext, AssemblyName assemblyName)
TpTrace Information: 0 : 30376, 1, 2022/11/19, 16:54:54.505, 584550692307, vstest.console.dll, AssemblyResolver.OnResolve: Microsoft.TestPlatform.Extensions.BlameDataCollector: Resolving assembly.
TpTrace Information: 0 : 30376, 1, 2022/11/19, 16:54:54.505, 584550692611, vstest.console.dll, AssemblyResolver.OnResolve: Microsoft.TestPlatform.Extensions.BlameDataCollector: Searching in: 'C:\Program Files\dotnet\sdk\7.0.100-preview.5.22307.18\Extensions'.
TpTrace Information: 0 : 30376, 1, 2022/11/19, 16:54:54.506, 584550696188, vstest.console.dll, AssemblyResolver.OnResolve: Microsoft.TestPlatform.Extensions.BlameDataCollector: Loading assembly 'C:\Program Files\dotnet\sdk\7.0.100-preview.5.22307.18\Extensions\Microsoft.TestPlatform.Extensions.BlameDataCollector.dll'.
TpTrace Information: 0 : 30376, 1, 2022/11/19, 16:54:54.506, 584550699822, vstest.console.dll, AssemblyResolver.OnResolve: Resolved assembly: Microsoft.TestPlatform.Extensions.BlameDataCollector, from path: C:\Program Files\dotnet\sdk\7.0.100-preview.5.22307.18\Extensions\Microsoft.TestPlatform.Extensions.BlameDataCollector.dll
TpTrace Verbose: 0 : 30376, 1, 2022/11/19, 16:54:54.506, 584550700715, vstest.console.dll, MetadataReaderExtensionsHelper: Discovering extensions inside assembly 'Microsoft.TestPlatform.Extensions.BlameDataCollector, Version=15.0.0.0, Culture=neutral, PublicKeyToken=b03f5f7f11d50a3a' file path 'C:\Program Files\dotnet\sdk\7.0.100-preview.5.22307.18\Extensions\Microsoft.TestPlatform.Extensions.BlameDataCollector.dll'
TpTrace Information: 0 : 30376, 1, 2022/11/19, 16:54:54.507, 584550712841, vstest.console.dll, AssemblyResolver.OnResolve: Microsoft.TestPlatform.Extensions.EventLogCollector: Resolving assembly.
TpTrace Information: 0 : 30376, 1, 2022/11/19, 16:54:54.507, 584550713300, vstest.console.dll, AssemblyResolver.OnResolve: Microsoft.TestPlatform.Extensions.EventLogCollector: Searching in: 'C:\Program Files\dotnet\sdk\7.0.100-preview.5.22307.18\Extensions'.
TpTrace Information: 0 : 30376, 1, 2022/11/19, 16:54:54.508, 584550716468, vstest.console.dll, AssemblyResolver.OnResolve: Microsoft.TestPlatform.Extensions.EventLogCollector: Loading assembly 'C:\Program Files\dotnet\sdk\7.0.100-preview.5.22307.18\Extensions\Microsoft.TestPlatform.Extensions.EventLogCollector.dll'.
TpTrace Information: 0 : 30376, 1, 2022/11/19, 16:54:54.508, 584550719442, vstest.console.dll, AssemblyResolver.OnResolve: Resolved assembly: Microsoft.TestPlatform.Extensions.EventLogCollector, from path: C:\Program Files\dotnet\sdk\7.0.100-preview.5.22307.18\Extensions\Microsoft.TestPlatform.Extensions.EventLogCollector.dll
TpTrace Verbose: 0 : 30376, 1, 2022/11/19, 16:54:54.508, 584550719937, vstest.console.dll, MetadataReaderExtensionsHelper: Discovering extensions inside assembly 'Microsoft.TestPlatform.Extensions.EventLogCollector, Version=15.0.0.0, Culture=neutral, PublicKeyToken=b03f5f7f11d50a3a' file path 'C:\Program Files\dotnet\sdk\7.0.100-preview.5.22307.18\Extensions\Microsoft.TestPlatform.Extensions.EventLogCollector.dll'
TpTrace Information: 0 : 30376, 1, 2022/11/19, 16:54:54.510, 584550735416, vstest.console.dll, AssemblyResolver.OnResolve: Microsoft.TestPlatform.TestHostRuntimeProvider: Resolving assembly.
TpTrace Information: 0 : 30376, 1, 2022/11/19, 16:54:54.510, 584550735828, vstest.console.dll, AssemblyResolver.OnResolve: Microsoft.TestPlatform.TestHostRuntimeProvider: Searching in: 'C:\Program Files\dotnet\sdk\7.0.100-preview.5.22307.18\Extensions'.
TpTrace Information: 0 : 30376, 1, 2022/11/19, 16:54:54.510, 584550738654, vstest.console.dll, AssemblyResolver.OnResolve: Microsoft.TestPlatform.TestHostRuntimeProvider: Loading assembly 'C:\Program Files\dotnet\sdk\7.0.100-preview.5.22307.18\Extensions\Microsoft.TestPlatform.TestHostRuntimeProvider.dll'.
TpTrace Information: 0 : 30376, 1, 2022/11/19, 16:54:54.510, 584550741555, vstest.console.dll, AssemblyResolver.OnResolve: Resolved assembly: Microsoft.TestPlatform.TestHostRuntimeProvider, from path: C:\Program Files\dotnet\sdk\7.0.100-preview.5.22307.18\Extensions\Microsoft.TestPlatform.TestHostRuntimeProvider.dll
TpTrace Verbose: 0 : 30376, 1, 2022/11/19, 16:54:54.510, 584550742036, vstest.console.dll, MetadataReaderExtensionsHelper: Discovering extensions inside assembly 'Microsoft.TestPlatform.TestHostRuntimeProvider, Version=15.0.0.0, Culture=neutral, PublicKeyToken=b03f5f7f11d50a3a' file path 'C:\Program Files\dotnet\sdk\7.0.100-preview.5.22307.18\Extensions\Microsoft.TestPlatform.TestHostRuntimeProvider.dll'
TpTrace Information: 0 : 30376, 1, 2022/11/19, 16:54:54.512, 584550755349, vstest.console.dll, GetTestExtensionFromType: Register extension with identifier data 'HostProvider://DefaultTestHost' and type 'Microsoft.VisualStudio.TestPlatform.CrossPlatEngine.Hosting.DefaultTestHostManager, Microsoft.TestPlatform.TestHostRuntimeProvider, Version=15.0.0.0, Culture=neutral, PublicKeyToken=b03f5f7f11d50a3a' inside file 'C:\Program Files\dotnet\sdk\7.0.100-preview.5.22307.18\Extensions\Microsoft.TestPlatform.TestHostRuntimeProvider.dll'
TpTrace Information: 0 : 30376, 1, 2022/11/19, 16:54:54.512, 584550757395, vstest.console.dll, GetTestExtensionFromType: Register extension with identifier data 'HostProvider://DotnetTestHost' and type 'Microsoft.VisualStudio.TestPlatform.CrossPlatEngine.Hosting.DotnetTestHostManager, Microsoft.TestPlatform.TestHostRuntimeProvider, Version=15.0.0.0, Culture=neutral, PublicKeyToken=b03f5f7f11d50a3a' inside file 'C:\Program Files\dotnet\sdk\7.0.100-preview.5.22307.18\Extensions\Microsoft.TestPlatform.TestHostRuntimeProvider.dll'
TpTrace Information: 0 : 30376, 1, 2022/11/19, 16:54:54.512, 584550757997, vstest.console.dll, AssemblyResolver.OnResolve: Microsoft.VisualStudio.TestPlatform.Extensions.Html.TestLogger: Resolving assembly.
TpTrace Information: 0 : 30376, 1, 2022/11/19, 16:54:54.512, 584550758249, vstest.console.dll, AssemblyResolver.OnResolve: Microsoft.VisualStudio.TestPlatform.Extensions.Html.TestLogger: Searching in: 'C:\Program Files\dotnet\sdk\7.0.100-preview.5.22307.18\Extensions'.
TpTrace Information: 0 : 30376, 1, 2022/11/19, 16:54:54.512, 584550761972, vstest.console.dll, AssemblyResolver.OnResolve: Microsoft.VisualStudio.TestPlatform.Extensions.Html.TestLogger: Loading assembly 'C:\Program Files\dotnet\sdk\7.0.100-preview.5.22307.18\Extensions\Microsoft.VisualStudio.TestPlatform.Extensions.Html.TestLogger.dll'.
TpTrace Information: 0 : 30376, 1, 2022/11/19, 16:54:54.513, 584550765510, vstest.console.dll, AssemblyResolver.OnResolve: Resolved assembly: Microsoft.VisualStudio.TestPlatform.Extensions.Html.TestLogger, from path: C:\Program Files\dotnet\sdk\7.0.100-preview.5.22307.18\Extensions\Microsoft.VisualStudio.TestPlatform.Extensions.Html.TestLogger.dll
TpTrace Verbose: 0 : 30376, 1, 2022/11/19, 16:54:54.513, 584550766107, vstest.console.dll, MetadataReaderExtensionsHelper: Discovering extensions inside assembly 'Microsoft.VisualStudio.TestPlatform.Extensions.Html.TestLogger, Version=15.0.0.0, Culture=neutral, PublicKeyToken=b03f5f7f11d50a3a' file path 'C:\Program Files\dotnet\sdk\7.0.100-preview.5.22307.18\Extensions\Microsoft.VisualStudio.TestPlatform.Extensions.Html.TestLogger.dll'
TpTrace Information: 0 : 30376, 1, 2022/11/19, 16:54:54.513, 584550772953, vstest.console.dll, AssemblyResolver.OnResolve: Microsoft.VisualStudio.TestPlatform.Extensions.Trx.TestLogger: Resolving assembly.
TpTrace Information: 0 : 30376, 1, 2022/11/19, 16:54:54.513, 584550773456, vstest.console.dll, AssemblyResolver.OnResolve: Microsoft.VisualStudio.TestPlatform.Extensions.Trx.TestLogger: Searching in: 'C:\Program Files\dotnet\sdk\7.0.100-preview.5.22307.18\Extensions'.
TpTrace Information: 0 : 30376, 1, 2022/11/19, 16:54:54.514, 584550779285, vstest.console.dll, AssemblyResolver.OnResolve: Microsoft.VisualStudio.TestPlatform.Extensions.Trx.TestLogger: Loading assembly 'C:\Program Files\dotnet\sdk\7.0.100-preview.5.22307.18\Extensions\Microsoft.VisualStudio.TestPlatform.Extensions.Trx.TestLogger.dll'.
TpTrace Information: 0 : 30376, 1, 2022/11/19, 16:54:54.514, 584550783525, vstest.console.dll, AssemblyResolver.OnResolve: Resolved assembly: Microsoft.VisualStudio.TestPlatform.Extensions.Trx.TestLogger, from path: C:\Program Files\dotnet\sdk\7.0.100-preview.5.22307.18\Extensions\Microsoft.VisualStudio.TestPlatform.Extensions.Trx.TestLogger.dll
TpTrace Verbose: 0 : 30376, 1, 2022/11/19, 16:54:54.514, 584550783986, vstest.console.dll, MetadataReaderExtensionsHelper: Discovering extensions inside assembly 'Microsoft.VisualStudio.TestPlatform.Extensions.Trx.TestLogger, Version=15.0.0.0, Culture=neutral, PublicKeyToken=b03f5f7f11d50a3a' file path 'C:\Program Files\dotnet\sdk\7.0.100-preview.5.22307.18\Extensions\Microsoft.VisualStudio.TestPlatform.Extensions.Trx.TestLogger.dll'
TpTrace Verbose: 0 : 30376, 1, 2022/11/19, 16:54:54.515, 584550793899, vstest.console.dll, TestPluginCache: Discovered the extensions using extension path ''.
TpTrace Verbose: 0 : 30376, 1, 2022/11/19, 16:54:54.515, 584550794323, vstest.console.dll, TestPluginCache: Discoverers are ''.
TpTrace Verbose: 0 : 30376, 1, 2022/11/19, 16:54:54.515, 584550794465, vstest.console.dll, TestPluginCache: Executors are ''.
TpTrace Verbose: 0 : 30376, 1, 2022/11/19, 16:54:54.516, 584550794594, vstest.console.dll, TestPluginCache: Executors2 are ''.
TpTrace Verbose: 0 : 30376, 1, 2022/11/19, 16:54:54.516, 584550794770, vstest.console.dll, TestPluginCache: Setting providers are ''.
TpTrace Verbose: 0 : 30376, 1, 2022/11/19, 16:54:54.516, 584550794896, vstest.console.dll, TestPluginCache: Loggers are ''.
TpTrace Verbose: 0 : 30376, 1, 2022/11/19, 16:54:54.516, 584550795832, vstest.console.dll, TestPluginCache: TestHosts are 'HostProvider://DefaultTestHost,HostProvider://DotnetTestHost'.
TpTrace Verbose: 0 : 30376, 1, 2022/11/19, 16:54:54.516, 584550796133, vstest.console.dll, TestPluginCache: DataCollectors are ''.
TpTrace Information: 0 : 30376, 1, 2022/11/19, 16:54:54.524, 584550876835, vstest.console.dll, RunTestsArgumentProcessor:Execute: Test run is starting.
TpTrace Verbose: 0 : 30376, 1, 2022/11/19, 16:54:54.524, 584550877255, vstest.console.dll, RunTestsArgumentProcessor:Execute: Queuing Test run.
TpTrace Information: 0 : 30376, 1, 2022/11/19, 16:54:54.524, 584550880272, vstest.console.dll, TestRequestManager.RunTests: run tests started.
TpTrace Information: 0 : 30376, 1, 2022/11/19, 16:54:54.525, 584550892464, vstest.console.dll, AssemblyMetadataProvider.GetFrameWork: Determined framework:'.NETCoreApp,Version=v6.0' for source: 'D:\GIT-EB\ORFEErc\ORFEE.Tests\bin\Debug\net6.0\fine-code-coverage\build-output\Outcome.Tests.dll'
TpTrace Information: 0 : 30376, 1, 2022/11/19, 16:54:54.525, 584550893885, vstest.console.dll, Determined framework for all sources: .NETCoreApp,Version=v6.0
TpTrace Verbose: 0 : 30376, 1, 2022/11/19, 16:54:54.526, 584550897777, vstest.console.dll, TestRequestManager.UpdateRunSettingsIfRequired: Default architecture: X64 IsDefaultTargetArchitecture: True, Current process architecture: X64 OperatingSystem: Windows.
TpTrace Information: 0 : 30376, 1, 2022/11/19, 16:54:54.527, 584550913575, vstest.console.dll, AssemblyMetadataProvider.GetArchitecture: Determined architecture:AnyCPU info for assembly: D:\GIT-EB\ORFEErc\ORFEE.Tests\bin\Debug\net6.0\fine-code-coverage\build-output\Outcome.Tests.dll
TpTrace Information: 0 : 30376, 1, 2022/11/19, 16:54:54.527, 584550913972, vstest.console.dll, Determined platform for source 'D:\GIT-EB\ORFEErc\ORFEE.Tests\bin\Debug\net6.0\fine-code-coverage\build-output\Outcome.Tests.dll' was AnyCPU and it will use the default plaform X64.
TpTrace Information: 0 : 30376, 1, 2022/11/19, 16:54:54.527, 584550914144, vstest.console.dll, None of the sources provided any runnable platform, using the default platform: X64
TpTrace Information: 0 : 30376, 1, 2022/11/19, 16:54:54.528, 584550915043, vstest.console.dll, Platform was updated to 'X64'.
TpTrace Information: 0 : 30376, 1, 2022/11/19, 16:54:54.531, 584550945849, vstest.console.dll, InferRunSettingsHelper.IsTestSettingsEnabled: Unable to navigate to RunSettings/MSTest. Current node: RunSettings
TpTrace Information: 0 : 30376, 1, 2022/11/19, 16:54:54.531, 584550952217, vstest.console.dll, AssemblyResolver.OnResolve: Microsoft.VisualStudio.TestPlatform.Fakes: Resolving assembly.
TpTrace Information: 0 : 30376, 1, 2022/11/19, 16:54:54.531, 584550952626, vstest.console.dll, AssemblyResolver.OnResolve: Microsoft.VisualStudio.TestPlatform.Fakes: Searching in: 'C:\Program Files\dotnet\sdk\7.0.100-preview.5.22307.18\Extensions'.
TpTrace Information: 0 : 30376, 1, 2022/11/19, 16:54:54.531, 584550953241, vstest.console.dll, AssemblyResolver.OnResolve: Microsoft.VisualStudio.TestPlatform.Fakes: Assembly path does not exist: 'C:\Program Files\dotnet\sdk\7.0.100-preview.5.22307.18\Extensions\Microsoft.VisualStudio.TestPlatform.Fakes.dll', returning.
TpTrace Information: 0 : 30376, 1, 2022/11/19, 16:54:54.531, 584550954342, vstest.console.dll, AssemblyResolver.OnResolve: Microsoft.VisualStudio.TestPlatform.Fakes: Assembly path does not exist: 'C:\Program Files\dotnet\sdk\7.0.100-preview.5.22307.18\Extensions\Microsoft.VisualStudio.TestPlatform.Fakes.exe', returning.
TpTrace Information: 0 : 30376, 1, 2022/11/19, 16:54:54.532, 584550954609, vstest.console.dll, AssemblyResolver.OnResolve: Microsoft.VisualStudio.TestPlatform.Fakes: Searching in: 'C:\Program Files\dotnet\sdk\7.0.100-preview.5.22307.18'.
TpTrace Information: 0 : 30376, 1, 2022/11/19, 16:54:54.532, 584550955030, vstest.console.dll, AssemblyResolver.OnResolve: Microsoft.VisualStudio.TestPlatform.Fakes: Assembly path does not exist: 'C:\Program Files\dotnet\sdk\7.0.100-preview.5.22307.18\Microsoft.VisualStudio.TestPlatform.Fakes.dll', returning.
TpTrace Information: 0 : 30376, 1, 2022/11/19, 16:54:54.532, 584550955419, vstest.console.dll, AssemblyResolver.OnResolve: Microsoft.VisualStudio.TestPlatform.Fakes: Assembly path does not exist: 'C:\Program Files\dotnet\sdk\7.0.100-preview.5.22307.18\Microsoft.VisualStudio.TestPlatform.Fakes.exe', returning.
TpTrace Information: 0 : 30376, 1, 2022/11/19, 16:54:54.532, 584550955954, vstest.console.dll, AssemblyResolver.OnResolve: Microsoft.VisualStudio.TestPlatform.Fakes: Failed to load assembly.
TpTrace Information: 0 : 30376, 1, 2022/11/19, 16:54:54.532, 584550958105, vstest.console.dll, Failed to load assembly Microsoft.VisualStudio.TestPlatform.Fakes, Version=17.0.0.0, Culture=neutral. Reason:System.IO.FileNotFoundException: Could not load file or assembly 'Microsoft.VisualStudio.TestPlatform.Fakes, Version=17.0.0.0, Culture=neutral, PublicKeyToken=null'. Systemet finner ikke angitt fil.
File name: 'Microsoft.VisualStudio.TestPlatform.Fakes, Version=17.0.0.0, Culture=neutral, PublicKeyToken=null'
   at System.Reflection.RuntimeAssembly.InternalLoad(AssemblyName assemblyName, StackCrawlMark& stackMark, AssemblyLoadContext assemblyLoadContext, RuntimeAssembly requestingAssembly, Boolean throwOnFileNotFound)
   at System.Reflection.Assembly.Load(AssemblyName assemblyRef)
   at Microsoft.VisualStudio.TestPlatform.Common.Utilities.FakesUtilities.LoadTestPlatformAssembly()
TpTrace Verbose: 0 : 30376, 1, 2022/11/19, 16:54:54.535, 584550988044, vstest.console.dll, TestPluginCache.DiscoverTestExtensions: finding test extensions in assemblies ends with: TestLogger.dll TPluginInfo: Microsoft.VisualStudio.TestPlatform.Common.ExtensionFramework.Utilities.TestLoggerPluginInformation TExtension: Microsoft.VisualStudio.TestPlatform.ObjectModel.Client.ITestLogger
TpTrace Verbose: 0 : 30376, 1, 2022/11/19, 16:54:54.535, 584550988728, vstest.console.dll, TestPluginCache.GetExtensionPaths: Filtered extension paths: 
TpTrace Verbose: 0 : 30376, 1, 2022/11/19, 16:54:54.535, 584550988976, vstest.console.dll, TestPluginCache.GetExtensionPaths: Added default extension paths: C:\Program Files\dotnet\sdk\7.0.100-preview.5.22307.18\Extensions\Microsoft.Diagnostics.NETCore.Client.dll
C:\Program Files\dotnet\sdk\7.0.100-preview.5.22307.18\Extensions\Microsoft.TestPlatform.Extensions.BlameDataCollector.dll
C:\Program Files\dotnet\sdk\7.0.100-preview.5.22307.18\Extensions\Microsoft.TestPlatform.Extensions.EventLogCollector.dll
C:\Program Files\dotnet\sdk\7.0.100-preview.5.22307.18\Extensions\Microsoft.TestPlatform.TestHostRuntimeProvider.dll
C:\Program Files\dotnet\sdk\7.0.100-preview.5.22307.18\Extensions\Microsoft.VisualStudio.TestPlatform.Extensions.Html.TestLogger.dll
C:\Program Files\dotnet\sdk\7.0.100-preview.5.22307.18\Extensions\Microsoft.VisualStudio.TestPlatform.Extensions.Trx.TestLogger.dll
TpTrace Verbose: 0 : 30376, 1, 2022/11/19, 16:54:54.535, 584550989168, vstest.console.dll, TestPluginCache.GetExtensionPaths: Added unfilterableExtensionPaths: 
TpTrace Information: 0 : 30376, 1, 2022/11/19, 16:54:54.535, 584550990001, vstest.console.dll, AssemblyResolver.AddSearchDirectories: Adding more searchDirectories C:\Program Files\dotnet\sdk\7.0.100-preview.5.22307.18\Extensions,C:\Program Files\dotnet\sdk\7.0.100-preview.5.22307.18
TpTrace Verbose: 0 : 30376, 1, 2022/11/19, 16:54:54.535, 584550990266, vstest.console.dll, TestPluginCache.DiscoverTestExtensions: Discovering the extensions using extension path.
TpTrace Verbose: 0 : 30376, 1, 2022/11/19, 16:54:54.535, 584550990910, vstest.console.dll, TestPluginCache.GetExtensionPaths: Filtered extension paths: 
TpTrace Verbose: 0 : 30376, 1, 2022/11/19, 16:54:54.535, 584550991097, vstest.console.dll, TestPluginCache.GetExtensionPaths: Added default extension paths: C:\Program Files\dotnet\sdk\7.0.100-preview.5.22307.18\Extensions\Microsoft.Diagnostics.NETCore.Client.dll
C:\Program Files\dotnet\sdk\7.0.100-preview.5.22307.18\Extensions\Microsoft.TestPlatform.Extensions.BlameDataCollector.dll
C:\Program Files\dotnet\sdk\7.0.100-preview.5.22307.18\Extensions\Microsoft.TestPlatform.Extensions.EventLogCollector.dll
C:\Program Files\dotnet\sdk\7.0.100-preview.5.22307.18\Extensions\Microsoft.TestPlatform.TestHostRuntimeProvider.dll
C:\Program Files\dotnet\sdk\7.0.100-preview.5.22307.18\Extensions\Microsoft.VisualStudio.TestPlatform.Extensions.Html.TestLogger.dll
C:\Program Files\dotnet\sdk\7.0.100-preview.5.22307.18\Extensions\Microsoft.VisualStudio.TestPlatform.Extensions.Trx.TestLogger.dll
TpTrace Verbose: 0 : 30376, 1, 2022/11/19, 16:54:54.535, 584550991902, vstest.console.dll, TestPluginCache.GetExtensionPaths: Added unfilterableExtensionPaths: 
TpTrace Verbose: 0 : 30376, 1, 2022/11/19, 16:54:54.535, 584550992135, vstest.console.dll, TestPluginCache.DiscoverTestExtensions: Discovering the extensions using allExtensionPaths: C:\Program Files\dotnet\sdk\7.0.100-preview.5.22307.18\Extensions\Microsoft.Diagnostics.NETCore.Client.dll
C:\Program Files\dotnet\sdk\7.0.100-preview.5.22307.18\Extensions\Microsoft.TestPlatform.Extensions.BlameDataCollector.dll
C:\Program Files\dotnet\sdk\7.0.100-preview.5.22307.18\Extensions\Microsoft.TestPlatform.Extensions.EventLogCollector.dll
C:\Program Files\dotnet\sdk\7.0.100-preview.5.22307.18\Extensions\Microsoft.TestPlatform.TestHostRuntimeProvider.dll
C:\Program Files\dotnet\sdk\7.0.100-preview.5.22307.18\Extensions\Microsoft.VisualStudio.TestPlatform.Extensions.Html.TestLogger.dll
C:\Program Files\dotnet\sdk\7.0.100-preview.5.22307.18\Extensions\Microsoft.VisualStudio.TestPlatform.Extensions.Trx.TestLogger.dll
TpTrace Information: 0 : 30376, 1, 2022/11/19, 16:54:54.535, 584550992789, vstest.console.dll, AssemblyResolver.AddSearchDirectories: Adding more searchDirectories C:\Program Files\dotnet\sdk\7.0.100-preview.5.22307.18\Extensions,C:\Program Files\dotnet\sdk\7.0.100-preview.5.22307.18
TpTrace Information: 0 : 30376, 1, 2022/11/19, 16:54:54.535, 584550992978, vstest.console.dll, AssemblyResolver.AddSearchDirectories: Adding more searchDirectories C:\Program Files\dotnet\sdk\7.0.100-preview.5.22307.18\Extensions,C:\Program Files\dotnet\sdk\7.0.100-preview.5.22307.18
TpTrace Information: 0 : 30376, 1, 2022/11/19, 16:54:54.535, 584550993154, vstest.console.dll, AssemblyResolver.AddSearchDirectories: Adding more searchDirectories C:\Program Files\dotnet\sdk\7.0.100-preview.5.22307.18\Extensions,C:\Program Files\dotnet\sdk\7.0.100-preview.5.22307.18
TpTrace Information: 0 : 30376, 1, 2022/11/19, 16:54:54.535, 584550993305, vstest.console.dll, AssemblyResolver.AddSearchDirectories: Adding more searchDirectories C:\Program Files\dotnet\sdk\7.0.100-preview.5.22307.18\Extensions,C:\Program Files\dotnet\sdk\7.0.100-preview.5.22307.18
TpTrace Information: 0 : 30376, 1, 2022/11/19, 16:54:54.535, 584550993453, vstest.console.dll, AssemblyResolver.AddSearchDirectories: Adding more searchDirectories C:\Program Files\dotnet\sdk\7.0.100-preview.5.22307.18\Extensions,C:\Program Files\dotnet\sdk\7.0.100-preview.5.22307.18
TpTrace Information: 0 : 30376, 1, 2022/11/19, 16:54:54.535, 584550993868, vstest.console.dll, AssemblyResolver.AddSearchDirectories: Adding more searchDirectories C:\Program Files\dotnet\sdk\7.0.100-preview.5.22307.18\Extensions,C:\Program Files\dotnet\sdk\7.0.100-preview.5.22307.18
TpTrace Verbose: 0 : 30376, 1, 2022/11/19, 16:54:54.535, 584550994550, vstest.console.dll, MetadataReaderExtensionsHelper: Discovering extensions inside assembly 'Microsoft.Diagnostics.NETCore.Client, Version=0.2.5.801, Culture=neutral, PublicKeyToken=31bf3856ad364e35' file path 'C:\Program Files\dotnet\sdk\7.0.100-preview.5.22307.18\Extensions\Microsoft.Diagnostics.NETCore.Client.dll'
TpTrace Information: 0 : 30376, 1, 2022/11/19, 16:54:54.536, 584551001691, vstest.console.dll, AssemblyResolver.OnResolve: Microsoft.Bcl.AsyncInterfaces: Resolving assembly.
TpTrace Information: 0 : 30376, 1, 2022/11/19, 16:54:54.536, 584551002064, vstest.console.dll, AssemblyResolver.OnResolve: Microsoft.Bcl.AsyncInterfaces: Resolved from cache.
TpTrace Verbose: 0 : 30376, 1, 2022/11/19, 16:54:54.536, 584551002221, vstest.console.dll, CurrentDomainAssemblyResolve: Resolving assembly 'Microsoft.Bcl.AsyncInterfaces'.
TpTrace Information: 0 : 30376, 1, 2022/11/19, 16:54:54.536, 584551003125, vstest.console.dll, AssemblyResolver.OnResolve: Microsoft.Bcl.AsyncInterfaces: Resolving assembly.
TpTrace Information: 0 : 30376, 1, 2022/11/19, 16:54:54.536, 584551003399, vstest.console.dll, AssemblyResolver.OnResolve: Microsoft.Bcl.AsyncInterfaces: Resolved from cache.
TpTrace Verbose: 0 : 30376, 1, 2022/11/19, 16:54:54.536, 584551003554, vstest.console.dll, CurrentDomainAssemblyResolve: Resolving assembly 'Microsoft.Bcl.AsyncInterfaces'.
TpTrace Verbose: 0 : 30376, 1, 2022/11/19, 16:54:54.536, 584551003691, vstest.console.dll, CurrentDomainAssemblyResolve: Failed to resolve assembly 'Microsoft.Bcl.AsyncInterfaces'.
TpTrace Verbose: 0 : 30376, 1, 2022/11/19, 16:54:54.537, 584551004743, vstest.console.dll, CurrentDomainAssemblyResolve: Failed to resolve assembly 'Microsoft.Bcl.AsyncInterfaces'.
TpTrace Warning: 0 : 30376, 1, 2022/11/19, 16:54:54.537, 584551008145, vstest.console.dll, TestPluginDiscoverer: Failed to get types from assembly 'Microsoft.Diagnostics.NETCore.Client, Version=0.2.5.801, Culture=neutral, PublicKeyToken=31bf3856ad364e35'. Error: System.Reflection.ReflectionTypeLoadException: Unable to load one or more of the requested types.
Could not load file or assembly 'Microsoft.Bcl.AsyncInterfaces, Version=1.0.0.0, Culture=neutral, PublicKeyToken=cc7b13ffcd2ddd51'. Systemet finner ikke angitt fil.
   at System.Reflection.RuntimeModule.GetTypes(RuntimeModule module)
   at System.Reflection.Assembly.GetTypes()
   at Microsoft.VisualStudio.TestPlatform.Common.ExtensionFramework.TestPluginDiscoverer.GetTestExtensionsFromAssembly[TPluginInfo,TExtension](Assembly assembly, Dictionary`2 pluginInfos, String filePath)
System.IO.FileNotFoundException: Could not load file or assembly 'Microsoft.Bcl.AsyncInterfaces, Version=1.0.0.0, Culture=neutral, PublicKeyToken=cc7b13ffcd2ddd51'. Systemet finner ikke angitt fil.
File name: 'Microsoft.Bcl.AsyncInterfaces, Version=1.0.0.0, Culture=neutral, PublicKeyToken=cc7b13ffcd2ddd51'
 ---> System.IO.FileNotFoundException: Could not load file or assembly 'Microsoft.Bcl.AsyncInterfaces, Culture=neutral, PublicKeyToken=null'. Systemet finner ikke angitt fil.
File name: 'Microsoft.Bcl.AsyncInterfaces, Culture=neutral, PublicKeyToken=null'
   at System.Reflection.RuntimeAssembly.InternalLoad(AssemblyName assemblyName, StackCrawlMark& stackMark, AssemblyLoadContext assemblyLoadContext, RuntimeAssembly requestingAssembly, Boolean throwOnFileNotFound)
   at System.Reflection.Assembly.Load(AssemblyName assemblyRef)
   at Microsoft.VisualStudio.TestPlatform.Common.ExtensionFramework.TestPluginCache.CurrentDomainAssemblyResolve(Object sender, AssemblyResolveEventArgs args)
   at System.Runtime.Loader.AssemblyLoadContext.GetFirstResolvedAssemblyFromResolvingEvent(AssemblyName assemblyName)
   at System.Runtime.Loader.AssemblyLoadContext.ResolveUsingEvent(AssemblyName assemblyName)
   at System.Runtime.Loader.AssemblyLoadContext.ResolveUsingResolvingEvent(IntPtr gchManagedAssemblyLoadContext, AssemblyName assemblyName)
TpTrace Warning: 0 : 30376, 1, 2022/11/19, 16:54:54.537, 584551010501, vstest.console.dll, LoaderExceptions: System.IO.FileNotFoundException: Could not load file or assembly 'Microsoft.Bcl.AsyncInterfaces, Version=1.0.0.0, Culture=neutral, PublicKeyToken=cc7b13ffcd2ddd51'. Systemet finner ikke angitt fil.
File name: 'Microsoft.Bcl.AsyncInterfaces, Version=1.0.0.0, Culture=neutral, PublicKeyToken=cc7b13ffcd2ddd51'
 ---> System.IO.FileNotFoundException: Could not load file or assembly 'Microsoft.Bcl.AsyncInterfaces, Culture=neutral, PublicKeyToken=null'. Systemet finner ikke angitt fil.
File name: 'Microsoft.Bcl.AsyncInterfaces, Culture=neutral, PublicKeyToken=null'
   at System.Reflection.RuntimeAssembly.InternalLoad(AssemblyName assemblyName, StackCrawlMark& stackMark, AssemblyLoadContext assemblyLoadContext, RuntimeAssembly requestingAssembly, Boolean throwOnFileNotFound)
   at System.Reflection.Assembly.Load(AssemblyName assemblyRef)
   at Microsoft.VisualStudio.TestPlatform.Common.ExtensionFramework.TestPluginCache.CurrentDomainAssemblyResolve(Object sender, AssemblyResolveEventArgs args)
   at System.Runtime.Loader.AssemblyLoadContext.GetFirstResolvedAssemblyFromResolvingEvent(AssemblyName assemblyName)
   at System.Runtime.Loader.AssemblyLoadContext.ResolveUsingEvent(AssemblyName assemblyName)
   at System.Runtime.Loader.AssemblyLoadContext.ResolveUsingResolvingEvent(IntPtr gchManagedAssemblyLoadContext, AssemblyName assemblyName)
TpTrace Verbose: 0 : 30376, 1, 2022/11/19, 16:54:54.537, 584551012378, vstest.console.dll, MetadataReaderExtensionsHelper: Discovering extensions inside assembly 'Microsoft.TestPlatform.Extensions.BlameDataCollector, Version=15.0.0.0, Culture=neutral, PublicKeyToken=b03f5f7f11d50a3a' file path 'C:\Program Files\dotnet\sdk\7.0.100-preview.5.22307.18\Extensions\Microsoft.TestPlatform.Extensions.BlameDataCollector.dll'
TpTrace Information: 0 : 30376, 1, 2022/11/19, 16:54:54.538, 584551016252, vstest.console.dll, GetTestExtensionFromType: Register extension with identifier data 'logger://Microsoft/TestPlatform/Extensions/Blame/v1' and type 'Microsoft.TestPlatform.Extensions.BlameDataCollector.BlameLogger, Microsoft.TestPlatform.Extensions.BlameDataCollector, Version=15.0.0.0, Culture=neutral, PublicKeyToken=b03f5f7f11d50a3a' inside file 'C:\Program Files\dotnet\sdk\7.0.100-preview.5.22307.18\Extensions\Microsoft.TestPlatform.Extensions.BlameDataCollector.dll'
TpTrace Verbose: 0 : 30376, 1, 2022/11/19, 16:54:54.538, 584551016887, vstest.console.dll, MetadataReaderExtensionsHelper: Discovering extensions inside assembly 'Microsoft.TestPlatform.Extensions.EventLogCollector, Version=15.0.0.0, Culture=neutral, PublicKeyToken=b03f5f7f11d50a3a' file path 'C:\Program Files\dotnet\sdk\7.0.100-preview.5.22307.18\Extensions\Microsoft.TestPlatform.Extensions.EventLogCollector.dll'
TpTrace Verbose: 0 : 30376, 1, 2022/11/19, 16:54:54.538, 584551019824, vstest.console.dll, MetadataReaderExtensionsHelper: Discovering extensions inside assembly 'Microsoft.TestPlatform.TestHostRuntimeProvider, Version=15.0.0.0, Culture=neutral, PublicKeyToken=b03f5f7f11d50a3a' file path 'C:\Program Files\dotnet\sdk\7.0.100-preview.5.22307.18\Extensions\Microsoft.TestPlatform.TestHostRuntimeProvider.dll'
TpTrace Verbose: 0 : 30376, 1, 2022/11/19, 16:54:54.538, 584551023101, vstest.console.dll, MetadataReaderExtensionsHelper: Discovering extensions inside assembly 'Microsoft.VisualStudio.TestPlatform.Extensions.Html.TestLogger, Version=15.0.0.0, Culture=neutral, PublicKeyToken=b03f5f7f11d50a3a' file path 'C:\Program Files\dotnet\sdk\7.0.100-preview.5.22307.18\Extensions\Microsoft.VisualStudio.TestPlatform.Extensions.Html.TestLogger.dll'
TpTrace Information: 0 : 30376, 1, 2022/11/19, 16:54:54.539, 584551027507, vstest.console.dll, GetTestExtensionFromType: Register extension with identifier data 'logger://Microsoft/TestPlatform/HtmlLogger/v1' and type 'Microsoft.VisualStudio.TestPlatform.Extensions.HtmlLogger.HtmlLogger, Microsoft.VisualStudio.TestPlatform.Extensions.Html.TestLogger, Version=15.0.0.0, Culture=neutral, PublicKeyToken=b03f5f7f11d50a3a' inside file 'C:\Program Files\dotnet\sdk\7.0.100-preview.5.22307.18\Extensions\Microsoft.VisualStudio.TestPlatform.Extensions.Html.TestLogger.dll'
TpTrace Verbose: 0 : 30376, 1, 2022/11/19, 16:54:54.539, 584551027954, vstest.console.dll, MetadataReaderExtensionsHelper: Discovering extensions inside assembly 'Microsoft.VisualStudio.TestPlatform.Extensions.Trx.TestLogger, Version=15.0.0.0, Culture=neutral, PublicKeyToken=b03f5f7f11d50a3a' file path 'C:\Program Files\dotnet\sdk\7.0.100-preview.5.22307.18\Extensions\Microsoft.VisualStudio.TestPlatform.Extensions.Trx.TestLogger.dll'
TpTrace Information: 0 : 30376, 1, 2022/11/19, 16:54:54.539, 584551031175, vstest.console.dll, GetTestExtensionFromType: Register extension with identifier data 'logger://Microsoft/TestPlatform/TrxLogger/v1' and type 'Microsoft.VisualStudio.TestPlatform.Extensions.TrxLogger.TrxLogger, Microsoft.VisualStudio.TestPlatform.Extensions.Trx.TestLogger, Version=15.0.0.0, Culture=neutral, PublicKeyToken=b03f5f7f11d50a3a' inside file 'C:\Program Files\dotnet\sdk\7.0.100-preview.5.22307.18\Extensions\Microsoft.VisualStudio.TestPlatform.Extensions.Trx.TestLogger.dll'
TpTrace Verbose: 0 : 30376, 1, 2022/11/19, 16:54:54.539, 584551031786, vstest.console.dll, TestPluginCache: Discovered the extensions using extension path ''.
TpTrace Verbose: 0 : 30376, 1, 2022/11/19, 16:54:54.539, 584551032019, vstest.console.dll, TestPluginCache: Discoverers are ''.
TpTrace Verbose: 0 : 30376, 1, 2022/11/19, 16:54:54.539, 584551032160, vstest.console.dll, TestPluginCache: Executors are ''.
TpTrace Verbose: 0 : 30376, 1, 2022/11/19, 16:54:54.539, 584551032290, vstest.console.dll, TestPluginCache: Executors2 are ''.
TpTrace Verbose: 0 : 30376, 1, 2022/11/19, 16:54:54.539, 584551032721, vstest.console.dll, TestPluginCache: Setting providers are ''.
TpTrace Verbose: 0 : 30376, 1, 2022/11/19, 16:54:54.539, 584551033168, vstest.console.dll, TestPluginCache: Loggers are 'logger://Microsoft/TestPlatform/Extensions/Blame/v1,logger://Microsoft/TestPlatform/HtmlLogger/v1,logger://Microsoft/TestPlatform/TrxLogger/v1'.
TpTrace Verbose: 0 : 30376, 1, 2022/11/19, 16:54:54.539, 584551033412, vstest.console.dll, TestPluginCache: TestHosts are 'HostProvider://DefaultTestHost,HostProvider://DotnetTestHost'.
TpTrace Verbose: 0 : 30376, 1, 2022/11/19, 16:54:54.539, 584551033557, vstest.console.dll, TestPluginCache: DataCollectors are ''.
TpTrace Information: 0 : 30376, 1, 2022/11/19, 16:54:54.540, 584551039675, vstest.console.dll, TestPluginManager.CreateTestExtension: Attempting to load test extension: Microsoft.TestPlatform.Extensions.BlameDataCollector.BlameLogger
TpTrace Verbose: 0 : 30376, 1, 2022/11/19, 16:54:54.545, 584551094436, vstest.console.dll, TestEngine: Initializing Parallel Execution as MaxCpuCount is set to: 1
TpTrace Information: 0 : 30376, 1, 2022/11/19, 16:54:54.547, 584551110839, vstest.console.dll, TestPluginManager.CreateTestExtension: Attempting to load test extension: Microsoft.VisualStudio.TestPlatform.CrossPlatEngine.Hosting.DefaultTestHostManager
TpTrace Information: 0 : 30376, 1, 2022/11/19, 16:54:54.548, 584551121147, vstest.console.dll, TestPluginManager.CreateTestExtension: Attempting to load test extension: Microsoft.VisualStudio.TestPlatform.CrossPlatEngine.Hosting.DotnetTestHostManager
TpTrace Information: 0 : 30376, 1, 2022/11/19, 16:54:54.549, 584551126839, vstest.console.dll, InferRunSettingsHelper.IsTestSettingsEnabled: Unable to navigate to RunSettings/MSTest. Current node: RunSettings
TpTrace Verbose: 0 : 30376, 1, 2022/11/19, 16:54:54.552, 584551161922, vstest.console.dll, TestEngine.GetExecutionManager: Chosen execution manager 'Microsoft.VisualStudio.TestPlatform.CrossPlatEngine.Client.Parallel.ParallelProxyExecutionManager, Microsoft.TestPlatform.CrossPlatEngine, Version=15.0.0.0, Culture=neutral, PublicKeyToken=b03f5f7f11d50a3a' ParallelLevel '1'.
TpTrace Verbose: 0 : 30376, 1, 2022/11/19, 16:54:54.552, 584551162977, vstest.console.dll, TestRunRequest.ExecuteAsync: Creating test run request.
TpTrace Verbose: 0 : 30376, 1, 2022/11/19, 16:54:54.553, 584551165172, vstest.console.dll, TestRunRequest.ExecuteAsync: Starting.
TpTrace Information: 0 : 30376, 1, 2022/11/19, 16:54:54.553, 584551168045, vstest.console.dll, TestRunRequest.ExecuteAsync: Starting run with settings:TestRunCriteria:
   KeepAlive=False,FrequencyOfRunStatsChangeEvent=10,RunStatsChangeEventTimeout=00:00:01.5000000,TestCaseFilter=,TestExecutorLauncher=
   Settingsxml=<RunSettings>
  <RunConfiguration>
    <ResultsDirectory>D:\GIT-EB\ORFEErc\ORFEE.Tests\bin\Debug\net6.0\fine-code-coverage\coverage-tool-output</ResultsDirectory>
    <TargetPlatform>X64</TargetPlatform>
    <TargetFrameworkVersion>.NETCoreApp,Version=v6.0</TargetFrameworkVersion>
    <DesignMode>False</DesignMode>
    <CollectSourceInformation>False</CollectSourceInformation>
  </RunConfiguration>
  <LoggerRunSettings>
    <Loggers>
      <Logger friendlyName="blame" enabled="True" />
      <Logger friendlyName="Console" uri="logger://microsoft/TestPlatform/ConsoleLogger/v1" assemblyQualifiedName="Microsoft.VisualStudio.TestPlatform.CommandLine.Internal.ConsoleLogger, vstest.console, Version=15.0.0.0, Culture=neutral, PublicKeyToken=b03f5f7f11d50a3a" codeBase="C:\Program Files\dotnet\sdk\7.0.100-preview.5.22307.18\vstest.console.dll" enabled="True" />
    </Loggers>
  </LoggerRunSettings>
  <DataCollectionRunSettings>
    <DataCollectors>
      <DataCollector friendlyName="blame" enabled="True">
        <Configuration>
          <ResultsDirectory>D:\GIT-EB\ORFEErc\ORFEE.Tests\bin\Debug\net6.0\fine-code-coverage\coverage-tool-output</ResultsDirectory>
        </Configuration>
      </DataCollector>
    </DataCollectors>
  </DataCollectionRunSettings>
</RunSettings>

TpTrace Verbose: 0 : 30376, 1, 2022/11/19, 16:54:54.553, 584551168771, vstest.console.dll, TestRunRequest.ExecuteAsync: Wait for the first run request is over.
TpTrace Verbose: 0 : 30376, 1, 2022/11/19, 16:54:54.553, 584551171282, vstest.console.dll, MulticastDelegateUtilities.SafeInvoke: TestRun.TestRunStart: Invoking callbacks was skipped because there are no subscribers.
TpTrace Verbose: 0 : 30376, 4, 2022/11/19, 16:54:54.553, 584551173478, vstest.console.dll, MulticastDelegateUtilities.SafeInvoke: InternalTestLoggerEvents.SendTestRunStart: Invoking callback 1/1 for Microsoft.VisualStudio.TestPlatform.CommandLine.Internal.ConsoleLogger.TestRunStartHandler, took 0 ms.
TpTrace Verbose: 0 : 30376, 1, 2022/11/19, 16:54:54.553, 584551173853, vstest.console.dll, ParallelProxyExecutionManager: Start execution. Total sources: 1
TpTrace Verbose: 0 : 30376, 1, 2022/11/19, 16:54:54.555, 584551188787, vstest.console.dll, TestRequestSender is acting as server.
TpTrace Verbose: 0 : 30376, 1, 2022/11/19, 16:54:54.556, 584551201481, vstest.console.dll, DataCollectionRequestSender.InitializeCommunication : Initialize communication. 
TpTrace Information: 0 : 30376, 1, 2022/11/19, 16:54:54.559, 584551232735, vstest.console.dll, Listening on Endpoint : 127.0.0.1:54032
TpTrace Verbose: 0 : 30376, 1, 2022/11/19, 16:54:54.566, 584551301567, vstest.console.dll, DotnetDataCollectionLauncher: Full path of dotnet.exe is C:\Program Files\dotnet\dotnet.exe
TpTrace Verbose: 0 : 30376, 1, 2022/11/19, 16:54:54.566, 584551302570, vstest.console.dll, DotnetDataCollectionLauncher: Adding  --runtimeconfig "C:\Program Files\dotnet\sdk\7.0.100-preview.5.22307.18\datacollector.runtimeconfig.json" in args
TpTrace Verbose: 0 : 30376, 1, 2022/11/19, 16:54:54.566, 584551303096, vstest.console.dll, DotnetDataCollectionLauncher: Adding  --depsfile "C:\Program Files\dotnet\sdk\7.0.100-preview.5.22307.18\datacollector.deps.json" in args
TpTrace Information: 0 : 30376, 1, 2022/11/19, 16:54:54.573, 584551365189, vstest.console.dll, ProxyDataCollectionManager.Initialize: Launched datacollector processId: 32312 port: 54032
TpTrace Information: 0 : 30376, 1, 2022/11/19, 16:54:54.573, 584551366779, vstest.console.dll, ProxyDataCollectionManager.Initialize: waiting for connection with timeout: 90 seconds
TpTrace Verbose: 0 : 30376, 1, 2022/11/19, 16:54:54.573, 584551367536, vstest.console.dll, DataCollectionRequestSender.WaitForRequestHandlerConnection : Waiting for connection with timeout: 90000
TpTrace Information: 0 : 30376, 8, 2022/11/19, 16:54:54.693, 584552569725, vstest.console.dll, Using the buffer size of 16384 bytes
TpTrace Verbose: 0 : 30376, 1, 2022/11/19, 16:54:54.693, 584552569960, vstest.console.dll, SocketCommunicationManager.WaitForClientConnection took: 120 ms, with 90000 ms timeout, and finished with True.
TpTrace Information: 0 : 30376, 8, 2022/11/19, 16:54:54.693, 584552570661, vstest.console.dll, Accepted Client request and set the flag
TpTrace Verbose: 0 : 30376, 1, 2022/11/19, 16:54:54.693, 584552571902, vstest.console.dll, ProxyDataCollectionManager.InvokeDataCollectionServiceAction: Starting.
TpTrace Information: 0 : 30376, 1, 2022/11/19, 16:54:54.693, 584552572569, vstest.console.dll, ProxyDataCollectionManager.BeforeTestRunStart: Get environment variable and port for datacollector processId: 32312 port: 54032
TpTrace Verbose: 0 : 30376, 1, 2022/11/19, 16:54:54.693, 584552573813, vstest.console.dll, DataCollectionRequestSender.SendBeforeTestRunStartAndGetResult: Send BeforeTestRunStart message with settingsXml <RunSettings><RunConfiguration><ResultsDirectory>D:\GIT-EB\ORFEErc\ORFEE.Tests\bin\Debug\net6.0\fine-code-coverage\coverage-tool-output</ResultsDirectory><TargetPlatform>X64</TargetPlatform><TargetFrameworkVersion>.NETCoreApp,Version=v6.0</TargetFrameworkVersion><DesignMode>False</DesignMode><CollectSourceInformation>False</CollectSourceInformation><TestAdaptersPaths>C:\Program Files\dotnet\sdk\7.0.100-preview.5.22307.18\Extensions</TestAdaptersPaths></RunConfiguration><LoggerRunSettings><Loggers><Logger friendlyName="blame" enabled="True" /><Logger friendlyName="Console" uri="logger://microsoft/TestPlatform/ConsoleLogger/v1" assemblyQualifiedName="Microsoft.VisualStudio.TestPlatform.CommandLine.Internal.ConsoleLogger, vstest.console, Version=15.0.0.0, Culture=neutral, PublicKeyToken=b03f5f7f11d50a3a" codeBase="C:\Program Files\dotnet\sdk\7.0.100-preview.5.22307.18\vstest.console.dll" enabled="True" /></Loggers></LoggerRunSettings><DataCollectionRunSettings><DataCollectors><DataCollector friendlyName="blame" enabled="True"><Configuration><ResultsDirectory>D:\GIT-EB\ORFEErc\ORFEE.Tests\bin\Debug\net6.0\fine-code-coverage\coverage-tool-output</ResultsDirectory></Configuration></DataCollector></DataCollectors></DataCollectionRunSettings></RunSettings> and sources System.Collections.Generic.List`1[System.String]: 
TpTrace Verbose: 0 : 30376, 1, 2022/11/19, 16:54:54.752, 584553159768, vstest.console.dll, DataCollectionRequestSender.SendBeforeTestRunStartAndGetResult: Received message: (DataCollection.SendMessage) -> null
TpTrace Verbose: 0 : 30376, 1, 2022/11/19, 16:54:54.840, 584554038381, vstest.console.dll, DataCollectionRequestSender.SendBeforeTestRunStartAndGetResult: Received message: (DataCollection.BeforeTestRunStartResult) -> null
TpTrace Information: 0 : 30376, 1, 2022/11/19, 16:54:54.845, 584554089528, vstest.console.dll, ProxyDataCollectionManager.BeforeTestRunStart: SendBeforeTestRunStartAndGetResult successful, env variable from datacollector:   and testhost port: 54034
TpTrace Information: 0 : 30376, 1, 2022/11/19, 16:54:54.845, 584554090097, vstest.console.dll, ProxyDataCollectionManager.InvokeDataCollectionServiceAction: Completed.
TpTrace Verbose: 0 : 30376, 8, 2022/11/19, 16:54:54.845, 584554091951, vstest.console.dll, ParallelProxyExecutionManager: Execution started. Started clients: 1
TpTrace Verbose: 0 : 30376, 1, 2022/11/19, 16:54:54.845, 584554092778, vstest.console.dll, ProxyParallelExecutionManager: No sources available for execution.
TpTrace Information: 0 : 30376, 1, 2022/11/19, 16:54:54.845, 584554093339, vstest.console.dll, TestRunRequest.ExecuteAsync: Started.
TpTrace Verbose: 0 : 30376, 1, 2022/11/19, 16:54:54.845, 584554094121, vstest.console.dll, TestRunRequest.WaitForCompletion: Waiting with timeout -1.
TpTrace Verbose: 0 : 30376, 8, 2022/11/19, 16:54:54.846, 584554094665, vstest.console.dll, TestRunRequest:SendTestRunMessage: Starting.
TpTrace Verbose: 0 : 30376, 8, 2022/11/19, 16:54:54.846, 584554095914, vstest.console.dll, MulticastDelegateUtilities.SafeInvoke: TestRun.LogMessages: Invoking callback 1/1 for Microsoft.VisualStudio.TestPlatform.CommandLine.TestRunResultAggregator.TestRunMessageHandler, took 0 ms.
TpTrace Information: 0 : 30376, 8, 2022/11/19, 16:54:54.846, 584554096746, vstest.console.dll, TestRunRequest:SendTestRunMessage: Completed.
TpTrace Verbose: 0 : 30376, 4, 2022/11/19, 16:54:54.846, 584554097549, vstest.console.dll, MulticastDelegateUtilities.SafeInvoke: InternalTestLoggerEvents.SendTestRunMessage: Invoking callback 1/1 for Microsoft.VisualStudio.TestPlatform.CommandLine.Internal.ConsoleLogger.TestMessageHandler, took 0 ms.
TpTrace Verbose: 0 : 30376, 8, 2022/11/19, 16:54:54.846, 584554098493, vstest.console.dll, ProxyExecutionManager: Test host is always Lazy initialize.
TpTrace Verbose: 0 : 30376, 8, 2022/11/19, 16:54:54.846, 584554100699, vstest.console.dll, TestRequestSender.InitializeCommunication: initialize communication. 
TpTrace Information: 0 : 30376, 8, 2022/11/19, 16:54:54.847, 584554105088, vstest.console.dll, SocketServer.Start: Listening on endpoint : 127.0.0.1:54035
TpTrace Verbose: 0 : 30376, 8, 2022/11/19, 16:54:54.847, 584554112738, vstest.console.dll, DotnetTestHostmanager.GetTestHostProcessStartInfo: Platform environment 'X64' target architecture 'X64' framework '.NETCoreApp,Version=v6.0' OS 'Windows'
TpTrace Verbose: 0 : 30376, 8, 2022/11/19, 16:54:54.848, 584554114618, vstest.console.dll, DotnetTestHostmanager: Adding  --runtimeconfig "D:\GIT-EB\ORFEErc\ORFEE.Tests\bin\Debug\net6.0\fine-code-coverage\build-output\Outcome.Tests.runtimeconfig.json" in args
TpTrace Verbose: 0 : 30376, 8, 2022/11/19, 16:54:54.848, 584554115033, vstest.console.dll, DotnetTestHostmanager: Adding  --depsfile "D:\GIT-EB\ORFEErc\ORFEE.Tests\bin\Debug\net6.0\fine-code-coverage\build-output\Outcome.Tests.deps.json" in args
TpTrace Verbose: 0 : 30376, 8, 2022/11/19, 16:54:54.848, 584554116009, vstest.console.dll, DotnetTestHostmanager.IsWinOnArm: Current PROCESSOR_ARCHITECTURE from environment variable 'AMD64'
TpTrace Verbose: 0 : 30376, 8, 2022/11/19, 16:54:54.848, 584554116818, vstest.console.dll, DotnetTestHostmanager.IsWinOnArm: Is Windows on ARM 'False'
TpTrace Verbose: 0 : 30376, 8, 2022/11/19, 16:54:54.848, 584554117168, vstest.console.dll, DotnetTestHostManager: testhost.exe found at path: D:\GIT-EB\ORFEErc\ORFEE.Tests\bin\Debug\net6.0\fine-code-coverage\build-output\testhost.exe
TpTrace Verbose: 0 : 30376, 8, 2022/11/19, 16:54:54.848, 584554117386, vstest.console.dll, DotnetTestHostmanager: Full path of host exe is D:\GIT-EB\ORFEErc\ORFEE.Tests\bin\Debug\net6.0\fine-code-coverage\build-output\testhost.exe
TpTrace Verbose: 0 : 30376, 8, 2022/11/19, 16:54:54.848, 584554118663, vstest.console.dll, DotnetTestHostmanager.LaunchTestHostAsync: Found 'VSTEST_WINAPPHOST_DOTNET_ROOT' in env variables, value 'C:\Program Files\dotnet', forwarding to 'DOTNET_ROOT'
TpTrace Verbose: 0 : 30376, 8, 2022/11/19, 16:54:54.848, 584554119820, vstest.console.dll, DotnetTestHostManager: Starting process 'D:\GIT-EB\ORFEErc\ORFEE.Tests\bin\Debug\net6.0\fine-code-coverage\build-output\testhost.exe' with command line ' --runtimeconfig "D:\GIT-EB\ORFEErc\ORFEE.Tests\bin\Debug\net6.0\fine-code-coverage\build-output\Outcome.Tests.runtimeconfig.json" --depsfile "D:\GIT-EB\ORFEErc\ORFEE.Tests\bin\Debug\net6.0\fine-code-coverage\build-output\Outcome.Tests.deps.json" --port 54035 --endpoint 127.0.0.1:054035 --role client --parentprocessid 30376 --diag "D:\GIT-EB\ORFEErc\ORFEE.Tests\bin\Debug\net6.0\fine-code-coverage\coverage-tool-output\diagnostics.host.22-11-19_16-54-54_84742_8.log" --tracelevel 4 --datacollectionport 54034 --telemetryoptedin false'
TpTrace Verbose: 0 : 30376, 8, 2022/11/19, 16:54:54.852, 584554163726, vstest.console.dll, MulticastDelegateUtilities.SafeInvoke: HostProviderEvents.OnHostLaunched: Invoking callback 1/2 for Microsoft.VisualStudio.TestPlatform.CrossPlatEngine.Client.ProxyExecutionManagerWithDataCollection.TestHostLaunchedHandler, took 0 ms.
TpTrace Verbose: 0 : 30376, 8, 2022/11/19, 16:54:54.853, 584554166261, vstest.console.dll, Test Runtime launched
TpTrace Verbose: 0 : 30376, 8, 2022/11/19, 16:54:54.853, 584554166912, vstest.console.dll, MulticastDelegateUtilities.SafeInvoke: HostProviderEvents.OnHostLaunched: Invoking callback 2/2 for Microsoft.VisualStudio.TestPlatform.CrossPlatEngine.Client.ProxyOperationManager.TestHostManagerHostLaunched, took 0 ms.
TpTrace Verbose: 0 : 30376, 8, 2022/11/19, 16:54:54.853, 584554168324, vstest.console.dll, TestRequestSender.WaitForRequestHandlerConnection: waiting for connection with timeout: 90000.
TpTrace Verbose: 0 : 30376, 8, 2022/11/19, 16:54:54.984, 584555480770, vstest.console.dll, TestRequestSender.WaitForRequestHandlerConnection: waiting took 131 ms, with timeout 90000 ms, and result 0, which is success.
TpTrace Verbose: 0 : 30376, 13, 2022/11/19, 16:54:54.984, 584555480794, vstest.console.dll, MulticastDelegateUtilities.SafeInvoke: SocketServer: ClientConnected: Invoking callback 1/1 for Microsoft.VisualStudio.TestPlatform.CommunicationUtilities.TestRequestSender.<InitializeCommunication>b__24_0, took 0 ms.
TpTrace Verbose: 0 : 30376, 13, 2022/11/19, 16:54:54.984, 584555482660, vstest.console.dll, SocketServer.OnClientConnected: Client connected for endPoint: 127.0.0.1:54035, starting MessageLoopAsync:
TpTrace Verbose: 0 : 30376, 14, 2022/11/19, 16:54:54.985, 584555486213, vstest.console.dll, TcpClientExtensions.MessageLoopAsync: Polling on remoteEndPoint: 127.0.0.1:54036 localEndPoint: 127.0.0.1:54035
TpTrace Verbose: 0 : 30376, 8, 2022/11/19, 16:54:54.985, 584555493328, vstest.console.dll, TestRequestSender.CheckVersionWithTestHost: Sending check version message: {"MessageType":"ProtocolVersion","Payload":6}
TpTrace Verbose: 0 : 30376, 14, 2022/11/19, 16:54:55.088, 584556520781, vstest.console.dll, TcpClientExtensions.MessageLoopAsync: NotifyDataAvailable remoteEndPoint: 127.0.0.1:54036 localEndPoint: 127.0.0.1:54035
TpTrace Verbose: 0 : 30376, 14, 2022/11/19, 16:54:55.088, 584556523880, vstest.console.dll, TestRequestSender.CheckVersionWithTestHost: onMessageReceived received message: (ProtocolVersion) -> null
TpTrace Verbose: 0 : 30376, 14, 2022/11/19, 16:54:55.089, 584556531082, vstest.console.dll, MulticastDelegateUtilities.SafeInvoke: LengthPrefixCommunicationChannel: MessageReceived: Invoking callback 1/1 for Microsoft.VisualStudio.TestPlatform.CommunicationUtilities.TestRequestSender+<>c__DisplayClass26_0.<CheckVersionWithTestHost>b__0, took 0 ms.
TpTrace Verbose: 0 : 30376, 8, 2022/11/19, 16:54:55.089, 584556531902, vstest.console.dll, TestPluginCache.GetExtensionPaths: Filtered extension paths: 
TpTrace Verbose: 0 : 30376, 14, 2022/11/19, 16:54:55.089, 584556532163, vstest.console.dll, TcpClientExtensions.MessageLoopAsync: Polling on remoteEndPoint: 127.0.0.1:54036 localEndPoint: 127.0.0.1:54035
TpTrace Verbose: 0 : 30376, 8, 2022/11/19, 16:54:55.089, 584556532802, vstest.console.dll, TestPluginCache.GetExtensionPaths: Added default extension paths: C:\Program Files\dotnet\sdk\7.0.100-preview.5.22307.18\Extensions\Microsoft.Diagnostics.NETCore.Client.dll
C:\Program Files\dotnet\sdk\7.0.100-preview.5.22307.18\Extensions\Microsoft.TestPlatform.Extensions.BlameDataCollector.dll
C:\Program Files\dotnet\sdk\7.0.100-preview.5.22307.18\Extensions\Microsoft.TestPlatform.Extensions.EventLogCollector.dll
C:\Program Files\dotnet\sdk\7.0.100-preview.5.22307.18\Extensions\Microsoft.TestPlatform.TestHostRuntimeProvider.dll
C:\Program Files\dotnet\sdk\7.0.100-preview.5.22307.18\Extensions\Microsoft.VisualStudio.TestPlatform.Extensions.Html.TestLogger.dll
C:\Program Files\dotnet\sdk\7.0.100-preview.5.22307.18\Extensions\Microsoft.VisualStudio.TestPlatform.Extensions.Trx.TestLogger.dll
TpTrace Verbose: 0 : 30376, 8, 2022/11/19, 16:54:55.089, 584556533606, vstest.console.dll, TestPluginCache.GetExtensionPaths: Added unfilterableExtensionPaths: 
TpTrace Verbose: 0 : 30376, 8, 2022/11/19, 16:54:55.092, 584556563960, vstest.console.dll, TestRequestSender.InitializeExecution: Sending initialize execution with message: {"Version":5,"MessageType":"TestExecution.Initialize","Payload":["D:\\GIT-EB\\ORFEErc\\ORFEE.Tests\\bin\\Debug\\net6.0\\fine-code-coverage\\build-output\\xunit.runner.visualstudio.dotnetcore.testadapter.dll"]}
TpTrace Warning: 0 : 30376, 8, 2022/11/19, 16:54:55.093, 584556568219, vstest.console.dll, InferRunSettingsHelper.MakeRunsettingsCompatible: Removing the following settings: TargetPlatform from RunSettings file. To use those settings please move to latest version of Microsoft.NET.Test.Sdk
TpTrace Verbose: 0 : 30376, 14, 2022/11/19, 16:54:55.096, 584556602216, vstest.console.dll, TcpClientExtensions.MessageLoopAsync: NotifyDataAvailable remoteEndPoint: 127.0.0.1:54036 localEndPoint: 127.0.0.1:54035
TpTrace Verbose: 0 : 30376, 14, 2022/11/19, 16:54:55.097, 584556604655, vstest.console.dll, TestRequestSender.OnExecutionMessageReceived: Received message: {"Version":5,"MessageType":"TestSession.Message","Payload":{"MessageLevel":0,"Message":"Logging TestHost Diagnostics in file: D:\\GIT-EB\\ORFEErc\\ORFEE.Tests\\bin\\Debug\\net6.0\\fine-code-coverage\\coverage-tool-output\\diagnostics.host.22-11-19_16-54-54_84742_8.log"}}
TpTrace Verbose: 0 : 30376, 14, 2022/11/19, 16:54:55.099, 584556625284, vstest.console.dll, TestRunRequest:SendTestRunMessage: Starting.
TpTrace Verbose: 0 : 30376, 14, 2022/11/19, 16:54:55.099, 584556626145, vstest.console.dll, MulticastDelegateUtilities.SafeInvoke: TestRun.LogMessages: Invoking callback 1/1 for Microsoft.VisualStudio.TestPlatform.CommandLine.TestRunResultAggregator.TestRunMessageHandler, took 0 ms.
TpTrace Information: 0 : 30376, 14, 2022/11/19, 16:54:55.099, 584556626377, vstest.console.dll, TestRunRequest:SendTestRunMessage: Completed.
TpTrace Verbose: 0 : 30376, 4, 2022/11/19, 16:54:55.099, 584556626328, vstest.console.dll, MulticastDelegateUtilities.SafeInvoke: InternalTestLoggerEvents.SendTestRunMessage: Invoking callback 1/1 for Microsoft.VisualStudio.TestPlatform.CommandLine.Internal.ConsoleLogger.TestMessageHandler, took 0 ms.
TpTrace Verbose: 0 : 30376, 14, 2022/11/19, 16:54:55.099, 584556626736, vstest.console.dll, MulticastDelegateUtilities.SafeInvoke: LengthPrefixCommunicationChannel: MessageReceived: Invoking callback 1/1 for Microsoft.VisualStudio.TestPlatform.CommunicationUtilities.TestRequestSender+<>c__DisplayClass31_0.<StartTestRun>b__1, took 2 ms.
TpTrace Verbose: 0 : 30376, 14, 2022/11/19, 16:54:55.099, 584556627608, vstest.console.dll, TcpClientExtensions.MessageLoopAsync: Polling on remoteEndPoint: 127.0.0.1:54036 localEndPoint: 127.0.0.1:54035
TpTrace Verbose: 0 : 30376, 8, 2022/11/19, 16:54:55.100, 584556635585, vstest.console.dll, TestRequestSender.StartTestRun: Sending test run with message: {"Version":5,"MessageType":"TestExecution.StartWithSources","Payload":{"AdapterSourceMap":{"_none_":["D:\\GIT-EB\\ORFEErc\\ORFEE.Tests\\bin\\Debug\\net6.0\\fine-code-coverage\\build-output\\Outcome.Tests.dll"]},"RunSettings":"<RunSettings>\r\n  <RunConfiguration>\r\n    <ResultsDirectory>D:\\GIT-EB\\ORFEErc\\ORFEE.Tests\\bin\\Debug\\net6.0\\fine-code-coverage\\coverage-tool-output</ResultsDirectory>\r\n    <TargetFrameworkVersion>.NETCoreApp,Version=v6.0</TargetFrameworkVersion>\r\n    <DesignMode>False</DesignMode>\r\n    <CollectSourceInformation>False</CollectSourceInformation>\r\n  </RunConfiguration>\r\n  <LoggerRunSettings>\r\n    <Loggers>\r\n      <Logger friendlyName=\"blame\" enabled=\"True\" />\r\n      <Logger friendlyName=\"Console\" uri=\"logger://microsoft/TestPlatform/ConsoleLogger/v1\" assemblyQualifiedName=\"Microsoft.VisualStudio.TestPlatform.CommandLine.Internal.ConsoleLogger, vstest.console, Version=15.0.0.0, Culture=neutral, PublicKeyToken=b03f5f7f11d50a3a\" codeBase=\"C:\\Program Files\\dotnet\\sdk\\7.0.100-preview.5.22307.18\\vstest.console.dll\" enabled=\"True\" />\r\n    </Loggers>\r\n  </LoggerRunSettings>\r\n  <DataCollectionRunSettings>\r\n    <DataCollectors>\r\n      <DataCollector friendlyName=\"blame\" enabled=\"True\">\r\n        <Configuration>\r\n          <ResultsDirectory>D:\\GIT-EB\\ORFEErc\\ORFEE.Tests\\bin\\Debug\\net6.0\\fine-code-coverage\\coverage-tool-output</ResultsDirectory>\r\n        </Configuration>\r\n      </DataCollector>\r\n    </DataCollectors>\r\n  </DataCollectionRunSettings>\r\n</RunSettings>","TestExecutionContext":{"FrequencyOfRunStatsChangeEvent":10,"RunStatsChangeEventTimeout":"00:00:01.5000000","InIsolation":false,"KeepAlive":false,"AreTestCaseLevelEventsRequired":false,"IsDebug":false,"TestCaseFilter":null,"FilterOptions":null},"Package":null}}
TpTrace Verbose: 0 : 30376, 14, 2022/11/19, 16:54:55.220, 584557835653, vstest.console.dll, TcpClientExtensions.MessageLoopAsync: NotifyDataAvailable remoteEndPoint: 127.0.0.1:54036 localEndPoint: 127.0.0.1:54035
TpTrace Verbose: 0 : 30376, 14, 2022/11/19, 16:54:55.226, 584557903231, vstest.console.dll, TestRequestSender.OnExecutionMessageReceived: Received message: {"Version":5,"MessageType":"TestSession.Message","Payload":{"MessageLevel":0,"Message":"[xUnit.net 00:00:00.00] xUnit.net VSTest Adapter v2.4.3+1b45f5407b (64-bit .NET 6.0.11)"}}
TpTrace Verbose: 0 : 30376, 14, 2022/11/19, 16:54:55.227, 584557907751, vstest.console.dll, TestRunRequest:SendTestRunMessage: Starting.
TpTrace Verbose: 0 : 30376, 14, 2022/11/19, 16:54:55.227, 584557908698, vstest.console.dll, MulticastDelegateUtilities.SafeInvoke: TestRun.LogMessages: Invoking callback 1/1 for Microsoft.VisualStudio.TestPlatform.CommandLine.TestRunResultAggregator.TestRunMessageHandler, took 0 ms.
TpTrace Information: 0 : 30376, 14, 2022/11/19, 16:54:55.227, 584557908971, vstest.console.dll, TestRunRequest:SendTestRunMessage: Completed.
TpTrace Verbose: 0 : 30376, 4, 2022/11/19, 16:54:55.227, 584557909068, vstest.console.dll, MulticastDelegateUtilities.SafeInvoke: InternalTestLoggerEvents.SendTestRunMessage: Invoking callback 1/1 for Microsoft.VisualStudio.TestPlatform.CommandLine.Internal.ConsoleLogger.TestMessageHandler, took 0 ms.
TpTrace Verbose: 0 : 30376, 14, 2022/11/19, 16:54:55.227, 584557909202, vstest.console.dll, MulticastDelegateUtilities.SafeInvoke: LengthPrefixCommunicationChannel: MessageReceived: Invoking callback 1/1 for Microsoft.VisualStudio.TestPlatform.CommunicationUtilities.TestRequestSender+<>c__DisplayClass31_0.<StartTestRun>b__1, took 0 ms.
TpTrace Verbose: 0 : 30376, 14, 2022/11/19, 16:54:55.227, 584557910036, vstest.console.dll, TcpClientExtensions.MessageLoopAsync: Polling on remoteEndPoint: 127.0.0.1:54036 localEndPoint: 127.0.0.1:54035
TpTrace Verbose: 0 : 30376, 14, 2022/11/19, 16:54:55.562, 584561263973, vstest.console.dll, TcpClientExtensions.MessageLoopAsync: NotifyDataAvailable remoteEndPoint: 127.0.0.1:54036 localEndPoint: 127.0.0.1:54035
TpTrace Verbose: 0 : 30376, 14, 2022/11/19, 16:54:55.563, 584561265840, vstest.console.dll, TestRequestSender.OnExecutionMessageReceived: Received message: {"Version":5,"MessageType":"TestSession.Message","Payload":{"MessageLevel":0,"Message":"[xUnit.net 00:00:00.34]   Discovering: Outcome.Tests"}}
TpTrace Verbose: 0 : 30376, 14, 2022/11/19, 16:54:55.563, 584561267018, vstest.console.dll, TestRunRequest:SendTestRunMessage: Starting.
TpTrace Verbose: 0 : 30376, 14, 2022/11/19, 16:54:55.563, 584561267511, vstest.console.dll, MulticastDelegateUtilities.SafeInvoke: TestRun.LogMessages: Invoking callback 1/1 for Microsoft.VisualStudio.TestPlatform.CommandLine.TestRunResultAggregator.TestRunMessageHandler, took 0 ms.
TpTrace Information: 0 : 30376, 14, 2022/11/19, 16:54:55.563, 584561267699, vstest.console.dll, TestRunRequest:SendTestRunMessage: Completed.
TpTrace Verbose: 0 : 30376, 14, 2022/11/19, 16:54:55.563, 584561267861, vstest.console.dll, MulticastDelegateUtilities.SafeInvoke: LengthPrefixCommunicationChannel: MessageReceived: Invoking callback 1/1 for Microsoft.VisualStudio.TestPlatform.CommunicationUtilities.TestRequestSender+<>c__DisplayClass31_0.<StartTestRun>b__1, took 0 ms.
TpTrace Verbose: 0 : 30376, 14, 2022/11/19, 16:54:55.563, 584561268038, vstest.console.dll, TcpClientExtensions.MessageLoopAsync: Polling on remoteEndPoint: 127.0.0.1:54036 localEndPoint: 127.0.0.1:54035
TpTrace Verbose: 0 : 30376, 4, 2022/11/19, 16:54:55.563, 584561268196, vstest.console.dll, MulticastDelegateUtilities.SafeInvoke: InternalTestLoggerEvents.SendTestRunMessage: Invoking callback 1/1 for Microsoft.VisualStudio.TestPlatform.CommandLine.Internal.ConsoleLogger.TestMessageHandler, took 0 ms.
TpTrace Verbose: 0 : 30376, 14, 2022/11/19, 16:54:55.592, 584561558074, vstest.console.dll, TcpClientExtensions.MessageLoopAsync: NotifyDataAvailable remoteEndPoint: 127.0.0.1:54036 localEndPoint: 127.0.0.1:54035
TpTrace Verbose: 0 : 30376, 14, 2022/11/19, 16:54:55.592, 584561559595, vstest.console.dll, TestRequestSender.OnExecutionMessageReceived: Received message: {"Version":5,"MessageType":"TestSession.Message","Payload":{"MessageLevel":0,"Message":"[xUnit.net 00:00:00.37]   Discovered:  Outcome.Tests"}}
TpTrace Verbose: 0 : 30376, 14, 2022/11/19, 16:54:55.592, 584561560741, vstest.console.dll, TestRunRequest:SendTestRunMessage: Starting.
TpTrace Verbose: 0 : 30376, 14, 2022/11/19, 16:54:55.592, 584561561182, vstest.console.dll, MulticastDelegateUtilities.SafeInvoke: TestRun.LogMessages: Invoking callback 1/1 for Microsoft.VisualStudio.TestPlatform.CommandLine.TestRunResultAggregator.TestRunMessageHandler, took 0 ms.
TpTrace Information: 0 : 30376, 14, 2022/11/19, 16:54:55.592, 584561561359, vstest.console.dll, TestRunRequest:SendTestRunMessage: Completed.
TpTrace Verbose: 0 : 30376, 4, 2022/11/19, 16:54:55.592, 584561561513, vstest.console.dll, MulticastDelegateUtilities.SafeInvoke: InternalTestLoggerEvents.SendTestRunMessage: Invoking callback 1/1 for Microsoft.VisualStudio.TestPlatform.CommandLine.Internal.ConsoleLogger.TestMessageHandler, took 0 ms.
TpTrace Verbose: 0 : 30376, 14, 2022/11/19, 16:54:55.592, 584561561605, vstest.console.dll, MulticastDelegateUtilities.SafeInvoke: LengthPrefixCommunicationChannel: MessageReceived: Invoking callback 1/1 for Microsoft.VisualStudio.TestPlatform.CommunicationUtilities.TestRequestSender+<>c__DisplayClass31_0.<StartTestRun>b__1, took 0 ms.
TpTrace Verbose: 0 : 30376, 14, 2022/11/19, 16:54:55.592, 584561562222, vstest.console.dll, TcpClientExtensions.MessageLoopAsync: Polling on remoteEndPoint: 127.0.0.1:54036 localEndPoint: 127.0.0.1:54035
TpTrace Verbose: 0 : 30376, 14, 2022/11/19, 16:54:55.593, 584561572259, vstest.console.dll, TcpClientExtensions.MessageLoopAsync: NotifyDataAvailable remoteEndPoint: 127.0.0.1:54036 localEndPoint: 127.0.0.1:54035
TpTrace Verbose: 0 : 30376, 14, 2022/11/19, 16:54:55.593, 584561572587, vstest.console.dll, TestRequestSender.OnExecutionMessageReceived: Received message: {"Version":5,"MessageType":"TestSession.Message","Payload":{"MessageLevel":0,"Message":"[xUnit.net 00:00:00.38]   Starting:    Outcome.Tests"}}
TpTrace Verbose: 0 : 30376, 14, 2022/11/19, 16:54:55.593, 584561572984, vstest.console.dll, TestRunRequest:SendTestRunMessage: Starting.
TpTrace Verbose: 0 : 30376, 14, 2022/11/19, 16:54:55.593, 584561573258, vstest.console.dll, MulticastDelegateUtilities.SafeInvoke: TestRun.LogMessages: Invoking callback 1/1 for Microsoft.VisualStudio.TestPlatform.CommandLine.TestRunResultAggregator.TestRunMessageHandler, took 0 ms.
TpTrace Information: 0 : 30376, 14, 2022/11/19, 16:54:55.593, 584561573480, vstest.console.dll, TestRunRequest:SendTestRunMessage: Completed.
TpTrace Verbose: 0 : 30376, 14, 2022/11/19, 16:54:55.593, 584561573670, vstest.console.dll, MulticastDelegateUtilities.SafeInvoke: LengthPrefixCommunicationChannel: MessageReceived: Invoking callback 1/1 for Microsoft.VisualStudio.TestPlatform.CommunicationUtilities.TestRequestSender+<>c__DisplayClass31_0.<StartTestRun>b__1, took 0 ms.
TpTrace Verbose: 0 : 30376, 4, 2022/11/19, 16:54:55.593, 584561573760, vstest.console.dll, MulticastDelegateUtilities.SafeInvoke: InternalTestLoggerEvents.SendTestRunMessage: Invoking callback 1/1 for Microsoft.VisualStudio.TestPlatform.CommandLine.Internal.ConsoleLogger.TestMessageHandler, took 0 ms.
TpTrace Verbose: 0 : 30376, 14, 2022/11/19, 16:54:55.593, 584561573882, vstest.console.dll, TcpClientExtensions.MessageLoopAsync: Polling on remoteEndPoint: 127.0.0.1:54036 localEndPoint: 127.0.0.1:54035
TpTrace Verbose: 0 : 30376, 14, 2022/11/19, 16:54:55.661, 584562253218, vstest.console.dll, TcpClientExtensions.MessageLoopAsync: NotifyDataAvailable remoteEndPoint: 127.0.0.1:54036 localEndPoint: 127.0.0.1:54035
TpTrace Verbose: 0 : 30376, 14, 2022/11/19, 16:54:55.662, 584562254829, vstest.console.dll, TestRequestSender.OnExecutionMessageReceived: Received message: {"Version":5,"MessageType":"TestSession.Message","Payload":{"MessageLevel":0,"Message":"[xUnit.net 00:00:00.44]   Finished:    Outcome.Tests"}}
TpTrace Verbose: 0 : 30376, 14, 2022/11/19, 16:54:55.662, 584562255951, vstest.console.dll, TestRunRequest:SendTestRunMessage: Starting.
TpTrace Verbose: 0 : 30376, 14, 2022/11/19, 16:54:55.662, 584562256616, vstest.console.dll, MulticastDelegateUtilities.SafeInvoke: TestRun.LogMessages: Invoking callback 1/1 for Microsoft.VisualStudio.TestPlatform.CommandLine.TestRunResultAggregator.TestRunMessageHandler, took 0 ms.
TpTrace Information: 0 : 30376, 14, 2022/11/19, 16:54:55.662, 584562256923, vstest.console.dll, TestRunRequest:SendTestRunMessage: Completed.
TpTrace Verbose: 0 : 30376, 4, 2022/11/19, 16:54:55.662, 584562256974, vstest.console.dll, MulticastDelegateUtilities.SafeInvoke: InternalTestLoggerEvents.SendTestRunMessage: Invoking callback 1/1 for Microsoft.VisualStudio.TestPlatform.CommandLine.Internal.ConsoleLogger.TestMessageHandler, took 0 ms.
TpTrace Verbose: 0 : 30376, 14, 2022/11/19, 16:54:55.662, 584562257189, vstest.console.dll, MulticastDelegateUtilities.SafeInvoke: LengthPrefixCommunicationChannel: MessageReceived: Invoking callback 1/1 for Microsoft.VisualStudio.TestPlatform.CommunicationUtilities.TestRequestSender+<>c__DisplayClass31_0.<StartTestRun>b__1, took 0 ms.
TpTrace Verbose: 0 : 30376, 14, 2022/11/19, 16:54:55.662, 584562258243, vstest.console.dll, TcpClientExtensions.MessageLoopAsync: Polling on remoteEndPoint: 127.0.0.1:54036 localEndPoint: 127.0.0.1:54035
TpTrace Verbose: 0 : 30376, 14, 2022/11/19, 16:54:55.687, 584562510649, vstest.console.dll, TcpClientExtensions.MessageLoopAsync: NotifyDataAvailable remoteEndPoint: 127.0.0.1:54036 localEndPoint: 127.0.0.1:54035
TpTrace Verbose: 0 : 30376, 14, 2022/11/19, 16:54:55.687, 584562512207, vstest.console.dll, TestRequestSender.OnExecutionMessageReceived: Received message: {"Version":5,"MessageType":"TestExecution.Completed","Payload":{"TestRunCompleteArgs":{"TestRunStatistics":{"ExecutedTests":4,"Stats":{"Passed":4}},"IsCanceled":false,"IsAborted":false,"Error":null,"AttachmentSets":[],"ElapsedTimeInRunningTests":"00:00:00.4560890","Metrics":{}},"LastRunTests":{"NewTestResults":[{"TestCase":{"Id":"da5c0a44-fbe2-ec87-9a60-e49b24177048","FullyQualifiedName":"Outcome.Tests.Given_an_Error_Constructor+When_Invoked.It_succeeds","DisplayName":"Outcome.Tests.Given_an_Error_Constructor+When_Invoked.It_succeeds","ExecutorUri":"executor://xunit/VsTestRunner2/netcoreapp","Source":"D:\\GIT-EB\\ORFEErc\\ORFEE.Tests\\bin\\Debug\\net6.0\\fine-code-coverage\\build-output\\Outcome.Tests.dll","CodeFilePath":null,"LineNumber":0,"Properties":[]},"Attachments":[],"Outcome":1,"ErrorMessage":null,"ErrorStackTrace":null,"DisplayName":"Outcome.Tests.Given_an_Error_Constructor+When_Invoked.It_succeeds","Messages":[],"ComputerName":"LAPTOP-EC6EEF0F","Duration":"00:00:00.0057818","StartTime":"2022-11-19T15:54:55.6429567+00:00","EndTime":"2022-11-19T15:54:55.6429719+00:00","Properties":[]},{"TestCase":{"Id":"f0031f91-d76f-44a0-c563-748397047afe","FullyQualifiedName":"Outcome.Tests.Given_an_Error_Constructor+When_Invoked.Reason_is_retrievable","DisplayName":"Outcome.Tests.Given_an_Error_Constructor+When_Invoked.Reason_is_retrievable","ExecutorUri":"executor://xunit/VsTestRunner2/netcoreapp","Source":"D:\\GIT-EB\\ORFEErc\\ORFEE.Tests\\bin\\Debug\\net6.0\\fine-code-coverage\\build-output\\Outcome.Tests.dll","CodeFilePath":null,"LineNumber":0,"Properties":[]},"Attachments":[],"Outcome":1,"ErrorMessage":null,"ErrorStackTrace":null,"DisplayName":"Outcome.Tests.Given_an_Error_Constructor+When_Invoked.Reason_is_retrievable","Messages":[],"ComputerName":"LAPTOP-EC6EEF0F","Duration":"00:00:00.0002353","StartTime":"2022-11-19T15:54:55.6577907+00:00","EndTime":"2022-11-19T15:54:55.6577908+00:00","Properties":[]},{"TestCase":{"Id":"3ffe747f-a40c-ab00-d8a9-fe9a6cbb117b","FullyQualifiedName":"Outcome.Tests.Given_an_Error_Constructor+When_Invoked.Message_is_retrievable","DisplayName":"Outcome.Tests.Given_an_Error_Constructor+When_Invoked.Message_is_retrievable","ExecutorUri":"executor://xunit/VsTestRunner2/netcoreapp","Source":"D:\\GIT-EB\\ORFEErc\\ORFEE.Tests\\bin\\Debug\\net6.0\\fine-code-coverage\\build-output\\Outcome.Tests.dll","CodeFilePath":null,"LineNumber":0,"Properties":[]},"Attachments":[],"Outcome":1,"ErrorMessage":null,"ErrorStackTrace":null,"DisplayName":"Outcome.Tests.Given_an_Error_Constructor+When_Invoked.Message_is_retrievable","Messages":[],"ComputerName":"LAPTOP-EC6EEF0F","Duration":"00:00:00.0012520","StartTime":"2022-11-19T15:54:55.659241+00:00","EndTime":"2022-11-19T15:54:55.6592411+00:00","Properties":[]},{"TestCase":{"Id":"84185929-6f4d-e624-8cad-6c4027a589bc","FullyQualifiedName":"Outcome.Tests.Given_an_Error_Constructor+When_Invoked.Inner_exception_is_retrievable","DisplayName":"Outcome.Tests.Given_an_Error_Constructor+When_Invoked.Inner_exception_is_retrievable","ExecutorUri":"executor://xunit/VsTestRunner2/netcoreapp","Source":"D:\\GIT-EB\\ORFEErc\\ORFEE.Tests\\bin\\Debug\\net6.0\\fine-code-coverage\\build-output\\Outcome.Tests.dll","CodeFilePath":null,"LineNumber":0,"Properties":[]},"Attachments":[],"Outcome":1,"ErrorMessage":null,"ErrorStackTrace":null,"DisplayName":"Outcome.Tests.Given_an_Error_Constructor+When_Invoked.Inner_exception_is_retrievable","Messages":[],"ComputerName":"LAPTOP-EC6EEF0F","Duration":"00:00:00.0007134","StartTime":"2022-11-19T15:54:55.6603474+00:00","EndTime":"2022-11-19T15:54:55.6603476+00:00","Properties":[]}],"TestRunStatistics":{"ExecutedTests":4,"Stats":{"Passed":4}},"ActiveTests":[]},"RunAttachments":[],"ExecutorUris":["executor://xunit/VsTestRunner2/netcoreapp"]}}
TpTrace Verbose: 0 : 30376, 14, 2022/11/19, 16:54:55.687, 584562513008, vstest.console.dll, TestRequestSender.EndSession: Sending end session.
TpTrace Verbose: 0 : 30376, 14, 2022/11/19, 16:54:55.687, 584562514237, vstest.console.dll, ProxyOperationManager.Close: waiting for test host to exit for 100 ms
TpTrace Warning: 0 : 30376, 12, 2022/11/19, 16:54:55.699, 584562632691, vstest.console.dll, TestHostManagerCallbacks.ErrorReceivedCallback Test host standard error line: 
TpTrace Verbose: 0 : 30376, 12, 2022/11/19, 16:54:55.708, 584562724033, vstest.console.dll, TestHostProvider.ExitCallBack: Host exited starting callback.
TpTrace Information: 0 : 30376, 12, 2022/11/19, 16:54:55.709, 584562725441, vstest.console.dll, TestHostManagerCallbacks.ExitCallBack: Testhost processId: 27200 exited with exitcode: 0 error: ''
TpTrace Verbose: 0 : 30376, 12, 2022/11/19, 16:54:55.709, 584562725809, vstest.console.dll, DotnetTestHostManager.OnHostExited: invoking OnHostExited callback
TpTrace Verbose: 0 : 30376, 12, 2022/11/19, 16:54:55.709, 584562726142, vstest.console.dll, CrossPlatEngine.TestHostManagerHostExited: calling on client process exit callback.
TpTrace Information: 0 : 30376, 12, 2022/11/19, 16:54:55.709, 584562726459, vstest.console.dll, TestRequestSender.OnClientProcessExit: Test host process exited. Standard error: 
TpTrace Information: 0 : 30376, 12, 2022/11/19, 16:54:55.709, 584562726679, vstest.console.dll, SocketServer.Stop: Stop server endPoint: 127.0.0.1:54035
TpTrace Information: 0 : 30376, 12, 2022/11/19, 16:54:55.709, 584562726883, vstest.console.dll, SocketServer.Stop: Cancellation requested. Stopping message loop.
TpTrace Information: 0 : 30376, 14, 2022/11/19, 16:54:55.709, 584562727176, vstest.console.dll, SocketServer.Stop: Stop server endPoint: 127.0.0.1:54035
TpTrace Verbose: 0 : 30376, 12, 2022/11/19, 16:54:55.709, 584562727604, vstest.console.dll, MulticastDelegateUtilities.SafeInvoke: HostProviderEvents.OnHostExited: Invoking callback 1/1 for Microsoft.VisualStudio.TestPlatform.CrossPlatEngine.Client.ProxyOperationManager.TestHostManagerHostExited, took 0 ms.
TpTrace Information: 0 : 30376, 14, 2022/11/19, 16:54:55.709, 584562727725, vstest.console.dll, SocketServer.Stop: Cancellation requested. Stopping message loop.
TpTrace Information: 0 : 30376, 14, 2022/11/19, 16:54:55.709, 584562728192, vstest.console.dll, Closing the connection
TpTrace Verbose: 0 : 30376, 14, 2022/11/19, 16:54:55.709, 584562729912, vstest.console.dll, ProxyDataCollectionManager.InvokeDataCollectionServiceAction: Starting.
TpTrace Information: 0 : 30376, 14, 2022/11/19, 16:54:55.709, 584562730234, vstest.console.dll, ProxyDataCollectionManager.AfterTestRunEnd: Get attachment set and invoked data collectors processId: 32312 port: 54032
TpTrace Verbose: 0 : 30376, 14, 2022/11/19, 16:54:55.709, 584562730507, vstest.console.dll, DataCollectionRequestSender.SendAfterTestRunStartAndGetResult: Send AfterTestRunEnd message with isCancelled: False
TpTrace Verbose: 0 : 30376, 14, 2022/11/19, 16:54:55.715, 584562791851, vstest.console.dll, DataCollectionRequestSender.SendAfterTestRunStartAndGetResult: Received message: (DataCollection.AfterTestRunEndResult) -> null
TpTrace Warning: 0 : 30376, 10, 2022/11/19, 16:54:55.718, 584562824352, vstest.console.dll, DataCollectionLauncher.ErrorReceivedCallback datacollector standard error line: 
TpTrace Information: 0 : 30376, 14, 2022/11/19, 16:54:55.720, 584562843742, vstest.console.dll, ProxyDataCollectionManager.InvokeDataCollectionServiceAction: Completed.
TpTrace Information: 0 : 30376, 10, 2022/11/19, 16:54:55.723, 584562870283, vstest.console.dll, DataCollectionLauncher.ExitCallBack: Data collector exited with exitcode: 0 error: ''
TpTrace Verbose: 0 : 30376, 14, 2022/11/19, 16:54:55.763, 584563272621, vstest.console.dll, TestRunRequest:SendTestRunStatsChange: Starting.
TpTrace Verbose: 0 : 30376, 14, 2022/11/19, 16:54:55.764, 584563275170, vstest.console.dll, MulticastDelegateUtilities.SafeInvoke: TestRun.RunStatsChanged: Invoking callbacks was skipped because there are no subscribers.
TpTrace Information: 0 : 30376, 14, 2022/11/19, 16:54:55.764, 584563275543, vstest.console.dll, TestRunRequest:SendTestRunStatsChange: Completed.
TpTrace Verbose: 0 : 30376, 14, 2022/11/19, 16:54:55.764, 584563278120, vstest.console.dll, ParallelProxyExecutionManager: HandlePartialRunComplete: Total completed clients = 1, Run complete = True, Run canceled: False.
TpTrace Verbose: 0 : 30376, 4, 2022/11/19, 16:54:55.765, 584563289892, vstest.console.dll, MulticastDelegateUtilities.SafeInvoke: InternalTestLoggerEvents.SendTestResult: Invoking callback 1/1 for Microsoft.VisualStudio.TestPlatform.CommandLine.Internal.ConsoleLogger.TestResultHandler, took 1 ms.
TpTrace Verbose: 0 : 30376, 4, 2022/11/19, 16:54:55.765, 584563293195, vstest.console.dll, MulticastDelegateUtilities.SafeInvoke: InternalTestLoggerEvents.SendTestResult: Invoking callback 1/1 for Microsoft.VisualStudio.TestPlatform.CommandLine.Internal.ConsoleLogger.TestResultHandler, took 0 ms.
TpTrace Verbose: 0 : 30376, 4, 2022/11/19, 16:54:55.765, 584563293865, vstest.console.dll, MulticastDelegateUtilities.SafeInvoke: InternalTestLoggerEvents.SendTestResult: Invoking callback 1/1 for Microsoft.VisualStudio.TestPlatform.CommandLine.Internal.ConsoleLogger.TestResultHandler, took 0 ms.
TpTrace Verbose: 0 : 30376, 4, 2022/11/19, 16:54:55.765, 584563294079, vstest.console.dll, MulticastDelegateUtilities.SafeInvoke: InternalTestLoggerEvents.SendTestResult: Invoking callback 1/1 for Microsoft.VisualStudio.TestPlatform.CommandLine.Internal.ConsoleLogger.TestResultHandler, took 0 ms.
TpTrace Verbose: 0 : 30376, 4, 2022/11/19, 16:54:55.773, 584563365766, vstest.console.dll, MulticastDelegateUtilities.SafeInvoke: InternalTestLoggerEvents.SendTestRunComplete: Invoking callback 1/2 for Microsoft.TestPlatform.Extensions.BlameDataCollector.BlameLogger.TestRunCompleteHandler, took 0 ms.
TpTrace Verbose: 0 : 30376, 4, 2022/11/19, 16:54:55.778, 584563414637, vstest.console.dll, MulticastDelegateUtilities.SafeInvoke: InternalTestLoggerEvents.SendTestRunComplete: Invoking callback 2/2 for Microsoft.VisualStudio.TestPlatform.CommandLine.Internal.ConsoleLogger.TestRunCompleteHandler, took 4 ms.
TpTrace Verbose: 0 : 30376, 14, 2022/11/19, 16:54:55.778, 584563417977, vstest.console.dll, TestRunRequest:TestRunComplete: Starting. IsAborted:False IsCanceled:False.
TpTrace Verbose: 0 : 30376, 14, 2022/11/19, 16:54:55.779, 584563428927, vstest.console.dll, TestLoggerManager.HandleTestRunComplete: Ignoring as the object is disposed.
TpTrace Verbose: 0 : 30376, 14, 2022/11/19, 16:54:55.779, 584563430755, vstest.console.dll, MulticastDelegateUtilities.SafeInvoke: TestRun.TestRunComplete: Invoking callback 1/2 for Microsoft.VisualStudio.TestPlatform.CommandLine.TestRunResultAggregator.TestRunCompletionHandler, took 0 ms.
TpTrace Verbose: 0 : 30376, 14, 2022/11/19, 16:54:55.779, 584563432048, vstest.console.dll, MulticastDelegateUtilities.SafeInvoke: TestRun.TestRunComplete: Invoking callback 2/2 for Microsoft.VisualStudio.TestPlatform.CommandLine.Processors.RunTestsArgumentExecutor+TestRunRequestEventsRegistrar.TestRunRequest_OnRunCompletion, took 0 ms.
TpTrace Information: 0 : 30376, 14, 2022/11/19, 16:54:55.779, 584563433046, vstest.console.dll, TestRunRequest:TestRunComplete: Completed.
TpTrace Verbose: 0 : 30376, 14, 2022/11/19, 16:54:55.779, 584563433410, vstest.console.dll, TestRequestSender.SetOperationComplete: Setting operation complete.
TpTrace Verbose: 0 : 30376, 1, 2022/11/19, 16:54:55.779, 584563433475, vstest.console.dll, TestRunRequest.Dispose: Starting.
TpTrace Information: 0 : 30376, 14, 2022/11/19, 16:54:55.779, 584563433628, vstest.console.dll, SocketServer.Stop: Stop server endPoint: 127.0.0.1:54035
TpTrace Information: 0 : 30376, 1, 2022/11/19, 16:54:55.779, 584563434028, vstest.console.dll, TestRunRequest.Dispose: Completed.
TpTrace Information: 0 : 30376, 14, 2022/11/19, 16:54:55.779, 584563434453, vstest.console.dll, SocketServer.Stop: Cancellation requested. Stopping message loop.
TpTrace Information: 0 : 30376, 1, 2022/11/19, 16:54:55.780, 584563434667, vstest.console.dll, TestRequestManager.RunTests: run tests completed.
TpTrace Verbose: 0 : 30376, 14, 2022/11/19, 16:54:55.780, 584563434765, vstest.console.dll, MulticastDelegateUtilities.SafeInvoke: LengthPrefixCommunicationChannel: MessageReceived: Invoking callback 1/1 for Microsoft.VisualStudio.TestPlatform.CommunicationUtilities.TestRequestSender+<>c__DisplayClass31_0.<StartTestRun>b__1, took 92 ms.
TpTrace Information: 0 : 30376, 14, 2022/11/19, 16:54:55.780, 584563435066, vstest.console.dll, SocketServer.PrivateStop: Stopping server endPoint: 127.0.0.1:54035 error: 
TpTrace Information: 0 : 30376, 1, 2022/11/19, 16:54:55.780, 584563435541, vstest.console.dll, RunTestsArgumentProcessor:Execute: Test run is completed.
TpTrace Verbose: 0 : 30376, 1, 2022/11/19, 16:54:55.780, 584563436868, vstest.console.dll, Executor.Execute: Exiting with exit code of 0
TpTrace Verbose: 0 : 30376, 14, 2022/11/19, 16:54:55.780, 584563438673, vstest.console.dll, LengthPrefixCommunicationChannel.Dispose: Dispose reader and writer.
TpTrace Information: 0 : 30376, 14, 2022/11/19, 16:54:55.780, 584563439210, vstest.console.dll, SocketServer.Stop: Raise disconnected event endPoint: 127.0.0.1:54035 error: 
TpTrace Verbose: 0 : 30376, 14, 2022/11/19, 16:54:55.780, 584563439987, vstest.console.dll, TestRequestSender: OnTestRunAbort: Operation is already complete. Skip error message.
TpTrace Verbose: 0 : 30376, 14, 2022/11/19, 16:54:55.780, 584563440266, vstest.console.dll, MulticastDelegateUtilities.SafeInvoke: SocketServer: ClientDisconnected: Invoking callback 1/1 for Microsoft.VisualStudio.TestPlatform.CommunicationUtilities.TestRequestSender.<InitializeCommunication>b__24_1, took 0 ms.
TpTrace Verbose: 0 : 30376, 14, 2022/11/19, 16:54:55.780, 584563440568, vstest.console.dll, TcpClientExtensions.MessageLoopAsync: exiting MessageLoopAsync remoteEndPoint: 127.0.0.1:54036 localEndPoint: 127.0.0.1:54035
